[2023-08-27T16:59:40.901] [INFO] katalon - Loading agent configs @ C:\Users\USER\Desktop\agentconfig
[2023-08-27T16:59:40.909] [ERROR] katalon - Please specify 'email' property in agentconfig.
[2023-08-27T16:59:40.909] [ERROR] katalon - Please specify 'apikey' property in agentconfig.
[2023-08-27T16:59:40.909] [ERROR] katalon - Please specify 'serverUrl' property in agentconfig.
[2023-08-27T16:59:40.909] [ERROR] katalon - Please specify 'teamId' property in agentconfig.
[2023-08-27T16:59:40.910] [INFO] katalon - Katalon Agent v1.7.6 started @ Sun Aug 27 2023 16:59:40 GMT+0700 (GMT+07:00)
[2023-08-27T16:59:40.910] [INFO] katalon - Getting server profiles...
[2023-08-27T16:59:42.184] [INFO] katalon - get https://testops.katalon.io/info 200.
[2023-08-27T16:59:43.373] [ERROR] katalon - { message: 'Request failed with status code 401',
  name: 'Error',
  description: undefined,
  number: undefined,
  fileName: undefined,
  lineNumber: undefined,
  columnNumber: undefined,
  stack:
   'Error: Request failed with status code 401\n    at createError (D:\\snapshot\\katalon-agent\\node_modules\\axios\\lib\\core\\createError.js:16:15)\n    at settle (D:\\snapshot\\katalon-agent\\node_modules\\axios\\lib\\core\\settle.js:17:12)\n    at IncomingMessage.handleStreamEnd (D:\\snapshot\\katalon-agent\\node_modules\\axios\\lib\\adapters\\http.js:260:11)\n    at IncomingMessage.emit (events.js:203:15)\n    at endReadableNT (_stream_readable.js:1145:12)\n    at process._tickCallback (internal/process/next_tick.js:63:19)',
  config:
   { url: 'https://testops.katalon.io/api/v1/jobs/get-job',
     method: 'get',
     data: null,
     headers:
      { Accept: 'application/json, text/plain, */*',
        Authorization: 'Basic Og==',
        'User-Agent': 'axios/0.21.1' },
     proxy: null,
     params:
      { uuid: '1693130382185-ad4bf7ed-4400-4773-87c7-4712c7709fe1',
        teamId: undefined },
     transformRequest: [ [Function: transformRequest] ],
     transformResponse: [ [Function: transformResponse] ],
     timeout: 60000,
     adapter: [Function: httpAdapter],
     xsrfCookieName: 'XSRF-TOKEN',
     xsrfHeaderName: 'X-XSRF-TOKEN',
     maxContentLength: -1,
     maxBodyLength: -1,
     httpsAgent:
      Agent {
        _events: [Object],
        _eventsCount: 1,
        _maxListeners: undefined,
        defaultPort: 443,
        protocol: 'https:',
        options: [Object],
        requests: {},
        sockets: {},
        freeSockets: [Object],
        keepAliveMsecs: 1000,
        keepAlive: true,
        maxSockets: Infinity,
        maxFreeSockets: 256,
        maxCachedSessions: 100,
        _sessionCache: [Object] },
     validateStatus: [Function: validateStatus] },
  code: undefined }
[2023-08-27T16:59:43.377] [ERROR] katalon - { message: 'Request failed with status code 401',
  name: 'Error',
  description: undefined,
  number: undefined,
  fileName: undefined,
  lineNumber: undefined,
  columnNumber: undefined,
  stack:
   'Error: Request failed with status code 401\n    at createError (D:\\snapshot\\katalon-agent\\node_modules\\axios\\lib\\core\\createError.js:16:15)\n    at settle (D:\\snapshot\\katalon-agent\\node_modules\\axios\\lib\\core\\settle.js:17:12)\n    at IncomingMessage.handleStreamEnd (D:\\snapshot\\katalon-agent\\node_modules\\axios\\lib\\adapters\\http.js:260:11)\n    at IncomingMessage.emit (events.js:203:15)\n    at endReadableNT (_stream_readable.js:1145:12)\n    at process._tickCallback (internal/process/next_tick.js:63:19)',
  config:
   { url: 'https://testops.katalon.io/api/v1/jobs/get-job',
     method: 'get',
     data: null,
     headers:
      { Accept: 'application/json, text/plain, */*',
        Authorization: 'Basic Og==',
        'User-Agent': 'axios/0.21.1' },
     proxy: null,
     params:
      { uuid: '1693130382185-ad4bf7ed-4400-4773-87c7-4712c7709fe1',
        teamId: undefined },
     transformRequest: [ [Function: transformRequest] ],
     transformResponse: [ [Function: transformResponse] ],
     timeout: 60000,
     adapter: [Function: httpAdapter],
     xsrfCookieName: 'XSRF-TOKEN',
     xsrfHeaderName: 'X-XSRF-TOKEN',
     maxContentLength: -1,
     maxBodyLength: -1,
     httpsAgent:
      Agent {
        _events: [Object],
        _eventsCount: 1,
        _maxListeners: undefined,
        defaultPort: 443,
        protocol: 'https:',
        options: [Object],
        requests: {},
        sockets: {},
        freeSockets: [Object],
        keepAliveMsecs: 1000,
        keepAlive: true,
        maxSockets: Infinity,
        maxFreeSockets: 256,
        maxCachedSessions: 100,
        _sessionCache: [Object] },
     validateStatus: [Function: validateStatus] },
  code: undefined }
[2023-08-27T17:02:28.267] [INFO] katalon - Loading agent configs @ C:\Users\USER\Desktop\agentconfig
[2023-08-27T17:02:28.273] [ERROR] katalon - Please specify 'email' property in agentconfig.
[2023-08-27T17:02:28.273] [ERROR] katalon - Please specify 'apikey' property in agentconfig.
[2023-08-27T17:02:28.274] [ERROR] katalon - Please specify 'serverUrl' property in agentconfig.
[2023-08-27T17:02:28.274] [ERROR] katalon - Please specify 'teamId' property in agentconfig.
[2023-08-27T17:02:28.275] [INFO] katalon - Katalon Agent v1.7.6 started @ Sun Aug 27 2023 17:02:28 GMT+0700 (GMT+07:00)
[2023-08-27T17:02:28.275] [INFO] katalon - Getting server profiles...
[2023-08-27T17:02:29.728] [INFO] katalon - get https://testops.katalon.io/info 200.
[2023-08-27T17:02:31.179] [ERROR] katalon - { message: 'Request failed with status code 401',
  name: 'Error',
  description: undefined,
  number: undefined,
  fileName: undefined,
  lineNumber: undefined,
  columnNumber: undefined,
  stack:
   'Error: Request failed with status code 401\n    at createError (D:\\snapshot\\katalon-agent\\node_modules\\axios\\lib\\core\\createError.js:16:15)\n    at settle (D:\\snapshot\\katalon-agent\\node_modules\\axios\\lib\\core\\settle.js:17:12)\n    at IncomingMessage.handleStreamEnd (D:\\snapshot\\katalon-agent\\node_modules\\axios\\lib\\adapters\\http.js:260:11)\n    at IncomingMessage.emit (events.js:203:15)\n    at endReadableNT (_stream_readable.js:1145:12)\n    at process._tickCallback (internal/process/next_tick.js:63:19)',
  config:
   { url: 'https://testops.katalon.io/api/v1/jobs/get-job',
     method: 'get',
     data: null,
     headers:
      { Accept: 'application/json, text/plain, */*',
        Authorization: 'Basic Og==',
        'User-Agent': 'axios/0.21.1' },
     proxy: null,
     params:
      { uuid: '1693130549730-c40edb1b-5cf1-4058-b2e0-8b4a8ec9eeed',
        teamId: undefined },
     transformRequest: [ [Function: transformRequest] ],
     transformResponse: [ [Function: transformResponse] ],
     timeout: 60000,
     adapter: [Function: httpAdapter],
     xsrfCookieName: 'XSRF-TOKEN',
     xsrfHeaderName: 'X-XSRF-TOKEN',
     maxContentLength: -1,
     maxBodyLength: -1,
     httpsAgent:
      Agent {
        _events: [Object],
        _eventsCount: 1,
        _maxListeners: undefined,
        defaultPort: 443,
        protocol: 'https:',
        options: [Object],
        requests: {},
        sockets: {},
        freeSockets: [Object],
        keepAliveMsecs: 1000,
        keepAlive: true,
        maxSockets: Infinity,
        maxFreeSockets: 256,
        maxCachedSessions: 100,
        _sessionCache: [Object] },
     validateStatus: [Function: validateStatus] },
  code: undefined }
[2023-08-27T17:02:31.182] [ERROR] katalon - { message: 'Request failed with status code 401',
  name: 'Error',
  description: undefined,
  number: undefined,
  fileName: undefined,
  lineNumber: undefined,
  columnNumber: undefined,
  stack:
   'Error: Request failed with status code 401\n    at createError (D:\\snapshot\\katalon-agent\\node_modules\\axios\\lib\\core\\createError.js:16:15)\n    at settle (D:\\snapshot\\katalon-agent\\node_modules\\axios\\lib\\core\\settle.js:17:12)\n    at IncomingMessage.handleStreamEnd (D:\\snapshot\\katalon-agent\\node_modules\\axios\\lib\\adapters\\http.js:260:11)\n    at IncomingMessage.emit (events.js:203:15)\n    at endReadableNT (_stream_readable.js:1145:12)\n    at process._tickCallback (internal/process/next_tick.js:63:19)',
  config:
   { url: 'https://testops.katalon.io/api/v1/jobs/get-job',
     method: 'get',
     data: null,
     headers:
      { Accept: 'application/json, text/plain, */*',
        Authorization: 'Basic Og==',
        'User-Agent': 'axios/0.21.1' },
     proxy: null,
     params:
      { uuid: '1693130549730-c40edb1b-5cf1-4058-b2e0-8b4a8ec9eeed',
        teamId: undefined },
     transformRequest: [ [Function: transformRequest] ],
     transformResponse: [ [Function: transformResponse] ],
     timeout: 60000,
     adapter: [Function: httpAdapter],
     xsrfCookieName: 'XSRF-TOKEN',
     xsrfHeaderName: 'X-XSRF-TOKEN',
     maxContentLength: -1,
     maxBodyLength: -1,
     httpsAgent:
      Agent {
        _events: [Object],
        _eventsCount: 1,
        _maxListeners: undefined,
        defaultPort: 443,
        protocol: 'https:',
        options: [Object],
        requests: {},
        sockets: {},
        freeSockets: [Object],
        keepAliveMsecs: 1000,
        keepAlive: true,
        maxSockets: Infinity,
        maxFreeSockets: 256,
        maxCachedSessions: 100,
        _sessionCache: [Object] },
     validateStatus: [Function: validateStatus] },
  code: undefined }
[2023-08-28T09:14:56.223] [INFO] katalon - Updated configs @ C:\Users\USER\Desktop\Agent\agentconfig.
[2023-08-28T09:15:13.167] [INFO] katalon - Loading agent configs @ C:\Users\USER\Desktop\Agent\agentconfig
[2023-08-28T09:15:13.177] [INFO] katalon - Katalon Agent v1.7.6 started @ Mon Aug 28 2023 09:15:13 GMT+0700 (GMT+07:00)
[2023-08-28T09:15:13.177] [INFO] katalon - Getting server profiles...
[2023-08-28T09:15:14.351] [INFO] katalon - get https://testops.katalon.io/info 200.
[2023-08-28T09:15:15.595] [INFO] katalon - get https://testops.katalon.io/api/v1/jobs/get-job 200.
[2023-08-28T09:16:14.487] [INFO] katalon - get https://testops.katalon.io/api/v1/jobs/get-job 200.
[2023-08-28T09:16:14.618] [INFO] katalon - post https://testops.katalon.io/api/v1/agent 200.
[2023-08-28T09:17:14.477] [INFO] katalon - post https://testops.katalon.io/api/v1/agent 200.
[2023-08-28T09:17:14.494] [INFO] katalon - get https://testops.katalon.io/api/v1/jobs/get-job 200.
[2023-08-28T09:18:14.480] [INFO] katalon - get https://testops.katalon.io/api/v1/jobs/get-job 200.
[2023-08-28T09:18:14.488] [INFO] katalon - post https://testops.katalon.io/api/v1/agent 200.
[2023-08-28T09:19:14.523] [INFO] katalon - post https://testops.katalon.io/api/v1/agent 200.
[2023-08-28T09:19:14.535] [INFO] katalon - get https://testops.katalon.io/api/v1/jobs/get-job 200.
[2023-08-28T09:20:14.514] [INFO] katalon - get https://testops.katalon.io/api/v1/jobs/get-job 200.
[2023-08-28T09:20:14.516] [INFO] katalon - post https://testops.katalon.io/api/v1/agent 200.
[2023-08-28T09:21:14.555] [INFO] katalon - post https://testops.katalon.io/api/v1/agent 200.
[2023-08-28T09:21:14.557] [INFO] katalon - get https://testops.katalon.io/api/v1/jobs/get-job 200.
[2023-08-28T09:22:14.523] [INFO] katalon - get https://testops.katalon.io/api/v1/jobs/get-job 200.
[2023-08-28T09:22:14.540] [INFO] katalon - post https://testops.katalon.io/api/v1/agent 200.
[2023-08-28T09:23:14.554] [INFO] katalon - post https://testops.katalon.io/api/v1/agent 200.
[2023-08-28T09:23:14.575] [INFO] katalon - get https://testops.katalon.io/api/v1/jobs/get-job 200.
[2023-08-28T09:24:14.549] [INFO] katalon - post https://testops.katalon.io/api/v1/agent 200.
[2023-08-28T09:24:14.566] [INFO] katalon - get https://testops.katalon.io/api/v1/jobs/get-job 200.
[2023-08-28T09:25:14.581] [INFO] katalon - post https://testops.katalon.io/api/v1/agent 200.
[2023-08-28T09:25:14.588] [INFO] katalon - get https://testops.katalon.io/api/v1/jobs/get-job 200.
[2023-08-28T09:26:14.548] [INFO] katalon - get https://testops.katalon.io/api/v1/jobs/get-job 200.
[2023-08-28T09:26:14.563] [INFO] katalon - post https://testops.katalon.io/api/v1/agent 200.
[2023-08-28T09:27:14.643] [INFO] katalon - post https://testops.katalon.io/api/v1/agent 200.
[2023-08-28T09:27:14.647] [INFO] katalon - get https://testops.katalon.io/api/v1/jobs/get-job 200.
[2023-08-28T09:28:14.613] [INFO] katalon - get https://testops.katalon.io/api/v1/jobs/get-job 200.
[2023-08-28T09:28:14.624] [INFO] katalon - post https://testops.katalon.io/api/v1/agent 200.
[2023-08-28T09:29:14.603] [INFO] katalon - post https://testops.katalon.io/api/v1/agent 200.
[2023-08-28T09:29:14.616] [INFO] katalon - get https://testops.katalon.io/api/v1/jobs/get-job 200.
[2023-08-28T09:30:14.629] [INFO] katalon - post https://testops.katalon.io/api/v1/agent 200.
[2023-08-28T09:30:14.645] [INFO] katalon - get https://testops.katalon.io/api/v1/jobs/get-job 200.
[2023-08-28T09:31:14.623] [INFO] katalon - post https://testops.katalon.io/api/v1/agent 200.
[2023-08-28T09:31:14.631] [INFO] katalon - get https://testops.katalon.io/api/v1/jobs/get-job 200.
[2023-08-28T09:32:14.595] [INFO] katalon - get https://testops.katalon.io/api/v1/jobs/get-job 200.
[2023-08-28T09:32:14.608] [INFO] katalon - post https://testops.katalon.io/api/v1/agent 200.
[2023-08-28T09:33:14.676] [INFO] katalon - post https://testops.katalon.io/api/v1/agent 200.
[2023-08-28T09:33:14.681] [INFO] katalon - get https://testops.katalon.io/api/v1/jobs/get-job 200.
[2023-08-28T09:34:14.625] [INFO] katalon - get https://testops.katalon.io/api/v1/jobs/get-job 200.
[2023-08-28T09:34:14.629] [INFO] katalon - post https://testops.katalon.io/api/v1/agent 200.
[2023-08-28T09:35:14.685] [INFO] katalon - get https://testops.katalon.io/api/v1/jobs/get-job 200.
[2023-08-28T09:35:14.690] [INFO] katalon - post https://testops.katalon.io/api/v1/agent 200.
[2023-08-28T09:36:14.630] [INFO] katalon - post https://testops.katalon.io/api/v1/agent 200.
[2023-08-28T09:36:14.642] [INFO] katalon - get https://testops.katalon.io/api/v1/jobs/get-job 200.
[2023-08-28T09:37:14.707] [INFO] katalon - post https://testops.katalon.io/api/v1/agent 200.
[2023-08-28T09:37:14.708] [INFO] katalon - get https://testops.katalon.io/api/v1/jobs/get-job 200.
[2023-08-28T09:38:14.747] [INFO] katalon - post https://testops.katalon.io/api/v1/agent 200.
[2023-08-28T09:38:14.759] [INFO] katalon - get https://testops.katalon.io/api/v1/jobs/get-job 200.
[2023-08-28T09:39:14.737] [INFO] katalon - get https://testops.katalon.io/api/v1/jobs/get-job 200.
[2023-08-28T09:39:14.738] [INFO] katalon - post https://testops.katalon.io/api/v1/agent 200.
[2023-08-28T09:40:14.708] [INFO] katalon - get https://testops.katalon.io/api/v1/jobs/get-job 200.
[2023-08-28T09:40:14.739] [INFO] katalon - post https://testops.katalon.io/api/v1/agent 200.
[2023-08-28T09:41:14.716] [INFO] katalon - post https://testops.katalon.io/api/v1/agent 200.
[2023-08-28T09:41:14.750] [INFO] katalon - get https://testops.katalon.io/api/v1/jobs/get-job 200.
[2023-08-28T09:42:14.771] [INFO] katalon - get https://testops.katalon.io/api/v1/jobs/get-job 200.
[2023-08-28T09:42:14.777] [INFO] katalon - post https://testops.katalon.io/api/v1/agent 200.
[2023-08-28T09:43:14.743] [INFO] katalon - post https://testops.katalon.io/api/v1/agent 200.
[2023-08-28T09:43:14.748] [INFO] katalon - get https://testops.katalon.io/api/v1/jobs/get-job 200.
[2023-08-28T09:44:14.733] [INFO] katalon - post https://testops.katalon.io/api/v1/agent 200.
[2023-08-28T09:44:14.755] [INFO] katalon - get https://testops.katalon.io/api/v1/jobs/get-job 200.
[2023-08-28T09:45:14.759] [INFO] katalon - post https://testops.katalon.io/api/v1/agent 200.
[2023-08-28T09:45:14.771] [INFO] katalon - get https://testops.katalon.io/api/v1/jobs/get-job 200.
[2023-08-28T09:46:14.757] [INFO] katalon - post https://testops.katalon.io/api/v1/agent 200.
[2023-08-28T09:46:14.762] [INFO] katalon - get https://testops.katalon.io/api/v1/jobs/get-job 200.
[2023-08-28T09:47:14.806] [INFO] katalon - post https://testops.katalon.io/api/v1/agent 200.
[2023-08-28T09:47:14.824] [INFO] katalon - get https://testops.katalon.io/api/v1/jobs/get-job 200.
[2023-08-28T09:48:14.787] [INFO] katalon - get https://testops.katalon.io/api/v1/jobs/get-job 200.
[2023-08-28T09:48:14.793] [INFO] katalon - post https://testops.katalon.io/api/v1/agent 200.
[2023-08-28T09:49:14.876] [INFO] katalon - post https://testops.katalon.io/api/v1/agent 200.
[2023-08-28T09:49:14.897] [INFO] katalon - get https://testops.katalon.io/api/v1/jobs/get-job 200.
[2023-08-28T09:50:14.887] [INFO] katalon - get https://testops.katalon.io/api/v1/jobs/get-job 200.
[2023-08-28T09:50:14.898] [INFO] katalon - post https://testops.katalon.io/api/v1/agent 200.
[2023-08-28T09:51:14.837] [INFO] katalon - post https://testops.katalon.io/api/v1/agent 200.
[2023-08-28T09:51:14.839] [INFO] katalon - get https://testops.katalon.io/api/v1/jobs/get-job 200.
[2023-08-28T09:52:14.863] [INFO] katalon - post https://testops.katalon.io/api/v1/agent 200.
[2023-08-28T09:52:14.890] [INFO] katalon - get https://testops.katalon.io/api/v1/jobs/get-job 200.
[2023-08-28T09:53:14.838] [INFO] katalon - get https://testops.katalon.io/api/v1/jobs/get-job 200.
[2023-08-28T09:53:14.840] [INFO] katalon - post https://testops.katalon.io/api/v1/agent 200.
[2023-08-28T09:54:14.873] [INFO] katalon - get https://testops.katalon.io/api/v1/jobs/get-job 200.
[2023-08-28T09:54:14.897] [INFO] katalon - post https://testops.katalon.io/api/v1/agent 200.
[2023-08-28T09:55:14.877] [INFO] katalon - post https://testops.katalon.io/api/v1/agent 200.
[2023-08-28T09:55:14.942] [INFO] katalon - get https://testops.katalon.io/api/v1/jobs/get-job 200.
[2023-08-28T09:56:14.837] [INFO] katalon - post https://testops.katalon.io/api/v1/agent 200.
[2023-08-28T09:56:14.848] [INFO] katalon - get https://testops.katalon.io/api/v1/jobs/get-job 200.
[2023-08-28T09:57:14.836] [INFO] katalon - get https://testops.katalon.io/api/v1/jobs/get-job 200.
[2023-08-28T09:57:14.852] [INFO] katalon - post https://testops.katalon.io/api/v1/agent 200.
[2023-08-28T09:58:14.885] [INFO] katalon - post https://testops.katalon.io/api/v1/agent 200.
[2023-08-28T09:58:14.895] [INFO] katalon - get https://testops.katalon.io/api/v1/jobs/get-job 200.
[2023-08-28T09:59:14.856] [INFO] katalon - get https://testops.katalon.io/api/v1/jobs/get-job 200.
[2023-08-28T09:59:14.887] [INFO] katalon - post https://testops.katalon.io/api/v1/agent 200.
[2023-08-28T10:00:14.932] [INFO] katalon - post https://testops.katalon.io/api/v1/agent 200.
[2023-08-28T10:00:14.935] [INFO] katalon - get https://testops.katalon.io/api/v1/jobs/get-job 200.
[2023-08-28T10:01:14.959] [INFO] katalon - get https://testops.katalon.io/api/v1/jobs/get-job 200.
[2023-08-28T10:01:14.967] [INFO] katalon - post https://testops.katalon.io/api/v1/agent 200.
[2023-08-28T10:02:14.924] [INFO] katalon - get https://testops.katalon.io/api/v1/jobs/get-job 200.
[2023-08-28T10:02:14.948] [INFO] katalon - post https://testops.katalon.io/api/v1/agent 200.
[2023-08-28T10:03:14.926] [INFO] katalon - get https://testops.katalon.io/api/v1/jobs/get-job 200.
[2023-08-28T10:03:14.927] [INFO] katalon - post https://testops.katalon.io/api/v1/agent 200.
[2023-08-28T10:04:14.918] [INFO] katalon - post https://testops.katalon.io/api/v1/agent 200.
[2023-08-28T10:04:14.977] [INFO] katalon - get https://testops.katalon.io/api/v1/jobs/get-job 200.
[2023-08-28T10:05:14.927] [INFO] katalon - get https://testops.katalon.io/api/v1/jobs/get-job 200.
[2023-08-28T10:05:14.930] [INFO] katalon - post https://testops.katalon.io/api/v1/agent 200.
[2023-08-28T10:06:14.924] [INFO] katalon - post https://testops.katalon.io/api/v1/agent 200.
[2023-08-28T10:06:14.938] [INFO] katalon - get https://testops.katalon.io/api/v1/jobs/get-job 200.
[2023-08-28T10:07:14.884] [INFO] katalon - post https://testops.katalon.io/api/v1/agent 200.
[2023-08-28T10:07:14.926] [INFO] katalon - get https://testops.katalon.io/api/v1/jobs/get-job 200.
[2023-08-28T10:08:14.893] [INFO] katalon - post https://testops.katalon.io/api/v1/agent 200.
[2023-08-28T10:08:14.917] [INFO] katalon - get https://testops.katalon.io/api/v1/jobs/get-job 200.
[2023-08-28T10:09:14.967] [INFO] katalon - post https://testops.katalon.io/api/v1/agent 200.
[2023-08-28T10:09:14.971] [INFO] katalon - get https://testops.katalon.io/api/v1/jobs/get-job 200.
[2023-08-28T10:10:14.964] [INFO] katalon - get https://testops.katalon.io/api/v1/jobs/get-job 200.
[2023-08-28T10:10:15.010] [INFO] katalon - post https://testops.katalon.io/api/v1/agent 200.
[2023-08-28T10:11:14.967] [INFO] katalon - get https://testops.katalon.io/api/v1/jobs/get-job 200.
[2023-08-28T10:11:14.970] [INFO] katalon - post https://testops.katalon.io/api/v1/agent 200.
[2023-08-28T10:11:16.251] [INFO] katalon - post https://testops.katalon.io/api/v1/jobs/update-job 200.
[2023-08-28T10:11:16.259] [INFO] katalon - Download test project to temp directory: C:\Users\USER\Desktop\Agent\tmp\2023.08.28-10.11--17812-KxMFO6alcT6N-1794866
[2023-08-28T10:11:16.272] [INFO] katalon - Uploading job execution log...
[2023-08-28T10:11:17.756] [INFO] katalon - get https://testops.katalon.io/api/v1/files/upload-url 200.
[2023-08-28T10:11:18.141] [INFO] katalon - put https://katalon-test.s3-accelerate.amazonaws.com/c6ccb295-4de4-494d-835f-2ea8f5eeed00?X-Amz-Algorithm=AWS4-HMAC-SHA256&X-Amz-Date=20230828T031116Z&X-Amz-SignedHeaders=host&X-Amz-Expires=3600&X-Amz-Credential=AKIAIXB3N7Z3SQHJU4MQ%2F20230828%2Fus-east-1%2Fs3%2Faws4_request&X-Amz-Signature=0063c9ad18a49bd65304b78b355dcf734478768fc0d16d4393a0ec3efded2850 200.
[2023-08-28T10:11:19.498] [INFO] katalon - post https://testops.katalon.io/api/v1/jobs/save-log 200.
[2023-08-28T10:11:19.507] [INFO] katalon - Downloading test project...
[2023-08-28T10:11:19.526] [ERROR] katalon - executeJob: { Error: Error: spawn git ENOENT
    at Process.ChildProcess._handle.onexit (internal/child_process.js:240:19)
    at onErrorNT (internal/child_process.js:415:16)
    at process._tickCallback (internal/process/next_tick.js:63:19)
    at GitExecutorChain.onFatalException (D:\snapshot\katalon-agent\node_modules\simple-git\src\lib\runners\git-executor-chain.js:61:87)
    at GitExecutorChain.<anonymous> (D:\snapshot\katalon-agent\node_modules\simple-git\src\lib\runners\git-executor-chain.js:52:28)
    at Generator.throw (<anonymous>)
    at rejected (D:\snapshot\katalon-agent\node_modules\simple-git\src\lib\runners\git-executor-chain.js:6:65)
  task:
   { commands:
      [ 'clone',
        '--depth',
        '1',
        '--branch',
        'master',
        'https://garakita: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@github.com/garakita/katalon.git',
        'C:\\Users\\USER\\Desktop\\Agent\\tmp\\2023.08.28-10.11--17812-KxMFO6alcT6N-1794866\\katalon.git' ],
     format: 'utf-8',
     parser: [Function: parser] } }
[2023-08-28T10:11:19.894] [INFO] katalon - put https://katalon-test.s3-accelerate.amazonaws.com/c6ccb295-4de4-494d-835f-2ea8f5eeed00?X-Amz-Algorithm=AWS4-HMAC-SHA256&X-Amz-Date=20230828T031116Z&X-Amz-SignedHeaders=host&X-Amz-Expires=3600&X-Amz-Credential=AKIAIXB3N7Z3SQHJU4MQ%2F20230828%2Fus-east-1%2Fs3%2Faws4_request&X-Amz-Signature=0063c9ad18a49bd65304b78b355dcf734478768fc0d16d4393a0ec3efded2850 200.
[2023-08-28T10:11:20.808] [INFO] katalon - post https://testops.katalon.io/api/v1/jobs/update-job 200.
[2023-08-28T10:11:20.809] [INFO] katalon - Uploading job execution log...
[2023-08-28T10:11:21.126] [INFO] katalon - post https://testops.katalon.io/api/v1/jobs/1794866/notify 200.
[2023-08-28T10:11:22.254] [INFO] katalon - get https://testops.katalon.io/api/v1/files/upload-url 200.
[2023-08-28T10:11:22.710] [INFO] katalon - put https://katalon-test.s3-accelerate.amazonaws.com/522eb1ea-2d67-4bf5-b318-08d8bec9381b?X-Amz-Algorithm=AWS4-HMAC-SHA256&X-Amz-Date=20230828T031121Z&X-Amz-SignedHeaders=host&X-Amz-Expires=3600&X-Amz-Credential=AKIAIXB3N7Z3SQHJU4MQ%2F20230828%2Fus-east-1%2Fs3%2Faws4_request&X-Amz-Signature=d0f8839c64405c759e096412c7bf444cc48af5aab620caf31b404c155ca7be0a 200.
[2023-08-28T10:11:24.115] [INFO] katalon - post https://testops.katalon.io/api/v1/jobs/save-log 200.
[2023-08-28T10:11:24.116] [INFO] katalon - Job execution log uploaded.
[2023-08-28T10:11:25.350] [INFO] katalon - post https://testops.katalon.io/api/v1/jobs/1794866/notify 200.
[2023-08-28T10:12:14.978] [INFO] katalon - get https://testops.katalon.io/api/v1/jobs/get-job 200.
[2023-08-28T10:12:15.008] [INFO] katalon - post https://testops.katalon.io/api/v1/agent 200.
[2023-08-28T10:12:15.299] [INFO] katalon - post https://testops.katalon.io/api/v1/jobs/update-job 200.
[2023-08-28T10:12:15.300] [INFO] katalon - Download test project to temp directory: C:\Users\USER\Desktop\Agent\tmp\2023.08.28-10.12--17812-v19i29QkPiFM-1794869
[2023-08-28T10:12:15.302] [INFO] katalon - Uploading job execution log...
[2023-08-28T10:12:16.752] [INFO] katalon - get https://testops.katalon.io/api/v1/files/upload-url 200.
[2023-08-28T10:12:17.164] [INFO] katalon - put https://katalon-test.s3-accelerate.amazonaws.com/42dc3da7-f1e2-405a-8390-28dc9f7fc711?X-Amz-Algorithm=AWS4-HMAC-SHA256&X-Amz-Date=20230828T031216Z&X-Amz-SignedHeaders=host&X-Amz-Expires=3600&X-Amz-Credential=AKIAIXB3N7Z3SQHJU4MQ%2F20230828%2Fus-east-1%2Fs3%2Faws4_request&X-Amz-Signature=4af6b9b8557191ed60fc383d8ebd0a54215f7558610ca3845e622c7700172eaf 200.
[2023-08-28T10:12:18.483] [INFO] katalon - post https://testops.katalon.io/api/v1/jobs/save-log 200.
[2023-08-28T10:12:18.485] [INFO] katalon - Downloading test project...
[2023-08-28T10:12:18.489] [ERROR] katalon - executeJob: { Error: Error: spawn git ENOENT
    at Process.ChildProcess._handle.onexit (internal/child_process.js:240:19)
    at onErrorNT (internal/child_process.js:415:16)
    at process._tickCallback (internal/process/next_tick.js:63:19)
    at GitExecutorChain.onFatalException (D:\snapshot\katalon-agent\node_modules\simple-git\src\lib\runners\git-executor-chain.js:61:87)
    at GitExecutorChain.<anonymous> (D:\snapshot\katalon-agent\node_modules\simple-git\src\lib\runners\git-executor-chain.js:52:28)
    at Generator.throw (<anonymous>)
    at rejected (D:\snapshot\katalon-agent\node_modules\simple-git\src\lib\runners\git-executor-chain.js:6:65)
  task:
   { commands:
      [ 'clone',
        '--depth',
        '1',
        '--branch',
        'master',
        'https://garakita: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@github.com/garakita/katalon.git',
        'C:\\Users\\USER\\Desktop\\Agent\\tmp\\2023.08.28-10.12--17812-v19i29QkPiFM-1794869\\katalon.git' ],
     format: 'utf-8',
     parser: [Function: parser] } }
[2023-08-28T10:12:19.702] [INFO] katalon - put https://katalon-test.s3-accelerate.amazonaws.com/42dc3da7-f1e2-405a-8390-28dc9f7fc711?X-Amz-Algorithm=AWS4-HMAC-SHA256&X-Amz-Date=20230828T031216Z&X-Amz-SignedHeaders=host&X-Amz-Expires=3600&X-Amz-Credential=AKIAIXB3N7Z3SQHJU4MQ%2F20230828%2Fus-east-1%2Fs3%2Faws4_request&X-Amz-Signature=4af6b9b8557191ed60fc383d8ebd0a54215f7558610ca3845e622c7700172eaf 200.
[2023-08-28T10:12:19.764] [INFO] katalon - post https://testops.katalon.io/api/v1/jobs/update-job 200.
[2023-08-28T10:12:19.765] [INFO] katalon - Uploading job execution log...
[2023-08-28T10:12:20.999] [INFO] katalon - post https://testops.katalon.io/api/v1/jobs/1794869/notify 200.
[2023-08-28T10:12:21.236] [INFO] katalon - get https://testops.katalon.io/api/v1/files/upload-url 200.
[2023-08-28T10:12:21.618] [INFO] katalon - put https://katalon-test.s3-accelerate.amazonaws.com/558f6bfb-00ea-4051-99b6-eb3ba7065f24?X-Amz-Algorithm=AWS4-HMAC-SHA256&X-Amz-Date=20230828T031221Z&X-Amz-SignedHeaders=host&X-Amz-Expires=3600&X-Amz-Credential=AKIAIXB3N7Z3SQHJU4MQ%2F20230828%2Fus-east-1%2Fs3%2Faws4_request&X-Amz-Signature=a23a4f2bc27c192c9d0383f8cea8eb51a745af768ab197dbc9a5e420043e75c6 200.
[2023-08-28T10:12:22.949] [INFO] katalon - post https://testops.katalon.io/api/v1/jobs/save-log 200.
[2023-08-28T10:12:22.950] [INFO] katalon - Job execution log uploaded.
[2023-08-28T10:12:24.191] [INFO] katalon - post https://testops.katalon.io/api/v1/jobs/1794869/notify 200.
[2023-08-28T10:13:13.966] [INFO] katalon - post https://testops.katalon.io/api/v1/agent 200.
[2023-08-28T10:13:13.979] [INFO] katalon - get https://testops.katalon.io/api/v1/jobs/get-job 200.
[2023-08-28T10:14:13.962] [INFO] katalon - post https://testops.katalon.io/api/v1/agent 200.
[2023-08-28T10:14:13.997] [INFO] katalon - get https://testops.katalon.io/api/v1/jobs/get-job 200.
[2023-08-28T10:15:13.954] [INFO] katalon - get https://testops.katalon.io/api/v1/jobs/get-job 200.
[2023-08-28T10:15:13.996] [INFO] katalon - post https://testops.katalon.io/api/v1/agent 200.
[2023-08-28T10:16:13.963] [INFO] katalon - post https://testops.katalon.io/api/v1/agent 200.
[2023-08-28T10:16:13.987] [INFO] katalon - get https://testops.katalon.io/api/v1/jobs/get-job 200.
[2023-08-28T10:16:15.263] [INFO] katalon - post https://testops.katalon.io/api/v1/jobs/update-job 200.
[2023-08-28T10:16:15.266] [INFO] katalon - Download test project to temp directory: C:\Users\USER\Desktop\Agent\tmp\2023.08.28-10.16--17812-yHo7eUIQGkKZ-1794885
[2023-08-28T10:16:15.267] [INFO] katalon - Uploading job execution log...
[2023-08-28T10:16:16.730] [INFO] katalon - get https://testops.katalon.io/api/v1/files/upload-url 200.
[2023-08-28T10:16:17.132] [INFO] katalon - put https://katalon-test.s3-accelerate.amazonaws.com/a8950d8e-e40d-4abb-ab60-c8fc5b6bb8da?X-Amz-Algorithm=AWS4-HMAC-SHA256&X-Amz-Date=20230828T031616Z&X-Amz-SignedHeaders=host&X-Amz-Expires=3600&X-Amz-Credential=AKIAIXB3N7Z3SQHJU4MQ%2F20230828%2Fus-east-1%2Fs3%2Faws4_request&X-Amz-Signature=26431ccb446eb34d22e4f9c79d0dbad8d61f54233bf5c1a20804a5f01bc2c2c6 200.
[2023-08-28T10:16:18.473] [INFO] katalon - post https://testops.katalon.io/api/v1/jobs/save-log 200.
[2023-08-28T10:16:18.476] [INFO] katalon - Downloading test project...
[2023-08-28T10:16:18.482] [ERROR] katalon - executeJob: { Error: Error: spawn git ENOENT
    at Process.ChildProcess._handle.onexit (internal/child_process.js:240:19)
    at onErrorNT (internal/child_process.js:415:16)
    at process._tickCallback (internal/process/next_tick.js:63:19)
    at GitExecutorChain.onFatalException (D:\snapshot\katalon-agent\node_modules\simple-git\src\lib\runners\git-executor-chain.js:61:87)
    at GitExecutorChain.<anonymous> (D:\snapshot\katalon-agent\node_modules\simple-git\src\lib\runners\git-executor-chain.js:52:28)
    at Generator.throw (<anonymous>)
    at rejected (D:\snapshot\katalon-agent\node_modules\simple-git\src\lib\runners\git-executor-chain.js:6:65)
  task:
   { commands:
      [ 'clone',
        '--depth',
        '1',
        '--branch',
        'master',
        'https://garakita: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@github.com/garakita/katalon.git',
        'C:\\Users\\USER\\Desktop\\Agent\\tmp\\2023.08.28-10.16--17812-yHo7eUIQGkKZ-1794885\\katalon.git' ],
     format: 'utf-8',
     parser: [Function: parser] } }
[2023-08-28T10:16:19.650] [INFO] katalon - put https://katalon-test.s3-accelerate.amazonaws.com/a8950d8e-e40d-4abb-ab60-c8fc5b6bb8da?X-Amz-Algorithm=AWS4-HMAC-SHA256&X-Amz-Date=20230828T031616Z&X-Amz-SignedHeaders=host&X-Amz-Expires=3600&X-Amz-Credential=AKIAIXB3N7Z3SQHJU4MQ%2F20230828%2Fus-east-1%2Fs3%2Faws4_request&X-Amz-Signature=26431ccb446eb34d22e4f9c79d0dbad8d61f54233bf5c1a20804a5f01bc2c2c6 200.
[2023-08-28T10:16:19.752] [INFO] katalon - post https://testops.katalon.io/api/v1/jobs/update-job 200.
[2023-08-28T10:16:19.752] [INFO] katalon - Uploading job execution log...
[2023-08-28T10:16:20.889] [INFO] katalon - post https://testops.katalon.io/api/v1/jobs/1794885/notify 200.
[2023-08-28T10:16:21.223] [INFO] katalon - get https://testops.katalon.io/api/v1/files/upload-url 200.
[2023-08-28T10:16:21.600] [INFO] katalon - put https://katalon-test.s3-accelerate.amazonaws.com/ff8f65a3-6817-4f58-9ee0-3b582873f80b?X-Amz-Algorithm=AWS4-HMAC-SHA256&X-Amz-Date=20230828T031621Z&X-Amz-SignedHeaders=host&X-Amz-Expires=3600&X-Amz-Credential=AKIAIXB3N7Z3SQHJU4MQ%2F20230828%2Fus-east-1%2Fs3%2Faws4_request&X-Amz-Signature=368dc218fa72415b049dfa51589e76e203298a87a9e62086b21f4c97849e35fc 200.
[2023-08-28T10:16:22.914] [INFO] katalon - post https://testops.katalon.io/api/v1/jobs/save-log 200.
[2023-08-28T10:16:22.915] [INFO] katalon - Job execution log uploaded.
[2023-08-28T10:16:24.156] [INFO] katalon - post https://testops.katalon.io/api/v1/jobs/1794885/notify 200.
[2023-08-28T10:17:14.000] [INFO] katalon - get https://testops.katalon.io/api/v1/jobs/get-job 200.
[2023-08-28T10:17:14.017] [INFO] katalon - post https://testops.katalon.io/api/v1/agent 200.
[2023-08-28T10:18:13.951] [INFO] katalon - get https://testops.katalon.io/api/v1/jobs/get-job 200.
[2023-08-28T10:18:13.963] [INFO] katalon - post https://testops.katalon.io/api/v1/agent 200.
[2023-08-28T10:19:13.955] [INFO] katalon - get https://testops.katalon.io/api/v1/jobs/get-job 200.
[2023-08-28T10:19:13.962] [INFO] katalon - post https://testops.katalon.io/api/v1/agent 200.
[2023-08-28T10:20:13.981] [INFO] katalon - get https://testops.katalon.io/api/v1/jobs/get-job 200.
[2023-08-28T10:20:14.000] [INFO] katalon - post https://testops.katalon.io/api/v1/agent 200.
[2023-08-28T10:21:13.978] [INFO] katalon - get https://testops.katalon.io/api/v1/jobs/get-job 200.
[2023-08-28T10:21:14.009] [INFO] katalon - post https://testops.katalon.io/api/v1/agent 200.
[2023-08-28T10:22:14.019] [INFO] katalon - post https://testops.katalon.io/api/v1/agent 200.
[2023-08-28T10:22:14.031] [INFO] katalon - get https://testops.katalon.io/api/v1/jobs/get-job 200.
[2023-08-28T10:23:14.002] [INFO] katalon - post https://testops.katalon.io/api/v1/agent 200.
[2023-08-28T10:23:14.029] [INFO] katalon - get https://testops.katalon.io/api/v1/jobs/get-job 200.
[2023-08-28T10:23:15.312] [INFO] katalon - post https://testops.katalon.io/api/v1/jobs/update-job 200.
[2023-08-28T10:23:15.314] [INFO] katalon - Download test project to temp directory: C:\Users\USER\Desktop\Agent\tmp\2023.08.28-10.23--17812-AHIPWAok753x-1794897
[2023-08-28T10:23:15.315] [INFO] katalon - Uploading job execution log...
[2023-08-28T10:23:16.823] [INFO] katalon - get https://testops.katalon.io/api/v1/files/upload-url 200.
[2023-08-28T10:23:17.270] [INFO] katalon - put https://katalon-test.s3-accelerate.amazonaws.com/b24aa93d-48e4-40e4-9d3b-8d8862162a2a?X-Amz-Algorithm=AWS4-HMAC-SHA256&X-Amz-Date=20230828T032316Z&X-Amz-SignedHeaders=host&X-Amz-Expires=3600&X-Amz-Credential=AKIAIXB3N7Z3SQHJU4MQ%2F20230828%2Fus-east-1%2Fs3%2Faws4_request&X-Amz-Signature=67696b66b6124085f0b02be04214a161e6cbb2331828d3648174bb78997d803c 200.
[2023-08-28T10:23:18.622] [INFO] katalon - post https://testops.katalon.io/api/v1/jobs/save-log 200.
[2023-08-28T10:23:18.628] [INFO] katalon - Downloading test project...
[2023-08-28T10:23:18.637] [ERROR] katalon - executeJob: { Error: Error: spawn git ENOENT
    at Process.ChildProcess._handle.onexit (internal/child_process.js:240:19)
    at onErrorNT (internal/child_process.js:415:16)
    at process._tickCallback (internal/process/next_tick.js:63:19)
    at GitExecutorChain.onFatalException (D:\snapshot\katalon-agent\node_modules\simple-git\src\lib\runners\git-executor-chain.js:61:87)
    at GitExecutorChain.<anonymous> (D:\snapshot\katalon-agent\node_modules\simple-git\src\lib\runners\git-executor-chain.js:52:28)
    at Generator.throw (<anonymous>)
    at rejected (D:\snapshot\katalon-agent\node_modules\simple-git\src\lib\runners\git-executor-chain.js:6:65)
  task:
   { commands:
      [ 'clone',
        '--depth',
        '1',
        '--branch',
        'master',
        'https://garakita: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@github.com/garakita/katalon.git',
        'C:\\Users\\USER\\Desktop\\Agent\\tmp\\2023.08.28-10.23--17812-AHIPWAok753x-1794897\\katalon.git' ],
     format: 'utf-8',
     parser: [Function: parser] } }
[2023-08-28T10:23:18.979] [INFO] katalon - put https://katalon-test.s3-accelerate.amazonaws.com/b24aa93d-48e4-40e4-9d3b-8d8862162a2a?X-Amz-Algorithm=AWS4-HMAC-SHA256&X-Amz-Date=20230828T032316Z&X-Amz-SignedHeaders=host&X-Amz-Expires=3600&X-Amz-Credential=AKIAIXB3N7Z3SQHJU4MQ%2F20230828%2Fus-east-1%2Fs3%2Faws4_request&X-Amz-Signature=67696b66b6124085f0b02be04214a161e6cbb2331828d3648174bb78997d803c 200.
[2023-08-28T10:23:19.934] [INFO] katalon - post https://testops.katalon.io/api/v1/jobs/update-job 200.
[2023-08-28T10:23:19.935] [INFO] katalon - Uploading job execution log...
[2023-08-28T10:23:20.229] [INFO] katalon - post https://testops.katalon.io/api/v1/jobs/1794897/notify 200.
[2023-08-28T10:23:21.375] [INFO] katalon - get https://testops.katalon.io/api/v1/files/upload-url 200.
[2023-08-28T10:23:21.762] [INFO] katalon - put https://katalon-test.s3-accelerate.amazonaws.com/dfebf583-5f27-4da1-897f-22ead6e71e77?X-Amz-Algorithm=AWS4-HMAC-SHA256&X-Amz-Date=20230828T032321Z&X-Amz-SignedHeaders=host&X-Amz-Expires=3600&X-Amz-Credential=AKIAIXB3N7Z3SQHJU4MQ%2F20230828%2Fus-east-1%2Fs3%2Faws4_request&X-Amz-Signature=e9a2c47138eab3ef8c97c9343343738e44953645d3d8aff5bd0a2819302384ad 200.
[2023-08-28T10:23:23.128] [INFO] katalon - post https://testops.katalon.io/api/v1/jobs/save-log 200.
[2023-08-28T10:23:23.128] [INFO] katalon - Job execution log uploaded.
[2023-08-28T10:23:24.363] [INFO] katalon - post https://testops.katalon.io/api/v1/jobs/1794897/notify 200.
[2023-08-28T10:24:14.024] [INFO] katalon - get https://testops.katalon.io/api/v1/jobs/get-job 200.
[2023-08-28T10:24:14.025] [INFO] katalon - post https://testops.katalon.io/api/v1/agent 200.
[2023-08-28T10:25:14.277] [INFO] katalon - post https://testops.katalon.io/api/v1/agent 200.
[2023-08-28T10:25:14.314] [INFO] katalon - get https://testops.katalon.io/api/v1/jobs/get-job 200.
[2023-08-28T10:26:14.069] [INFO] katalon - get https://testops.katalon.io/api/v1/jobs/get-job 200.
[2023-08-28T10:26:14.084] [INFO] katalon - post https://testops.katalon.io/api/v1/agent 200.
[2023-08-28T10:27:14.040] [INFO] katalon - post https://testops.katalon.io/api/v1/agent 200.
[2023-08-28T10:27:14.047] [INFO] katalon - get https://testops.katalon.io/api/v1/jobs/get-job 200.
[2023-08-28T10:28:14.080] [INFO] katalon - get https://testops.katalon.io/api/v1/jobs/get-job 200.
[2023-08-28T10:28:14.100] [INFO] katalon - post https://testops.katalon.io/api/v1/agent 200.
[2023-08-28T10:29:14.079] [INFO] katalon - post https://testops.katalon.io/api/v1/agent 200.
[2023-08-28T10:29:14.089] [INFO] katalon - get https://testops.katalon.io/api/v1/jobs/get-job 200.
[2023-08-28T10:30:14.060] [INFO] katalon - get https://testops.katalon.io/api/v1/jobs/get-job 200.
[2023-08-28T10:30:14.061] [INFO] katalon - post https://testops.katalon.io/api/v1/agent 200.
[2023-08-28T10:31:14.134] [INFO] katalon - post https://testops.katalon.io/api/v1/agent 200.
[2023-08-28T10:31:14.151] [INFO] katalon - get https://testops.katalon.io/api/v1/jobs/get-job 200.
[2023-08-28T10:32:14.095] [INFO] katalon - post https://testops.katalon.io/api/v1/agent 200.
[2023-08-28T10:32:14.111] [INFO] katalon - get https://testops.katalon.io/api/v1/jobs/get-job 200.
[2023-08-28T10:33:14.151] [INFO] katalon - get https://testops.katalon.io/api/v1/jobs/get-job 200.
[2023-08-28T10:33:14.152] [INFO] katalon - post https://testops.katalon.io/api/v1/agent 200.
[2023-08-28T10:34:14.120] [INFO] katalon - post https://testops.katalon.io/api/v1/agent 200.
[2023-08-28T10:34:14.129] [INFO] katalon - get https://testops.katalon.io/api/v1/jobs/get-job 200.
[2023-08-28T10:35:14.091] [INFO] katalon - get https://testops.katalon.io/api/v1/jobs/get-job 200.
[2023-08-28T10:35:14.105] [INFO] katalon - post https://testops.katalon.io/api/v1/agent 200.
[2023-08-28T10:36:14.119] [INFO] katalon - get https://testops.katalon.io/api/v1/jobs/get-job 200.
[2023-08-28T10:36:14.131] [INFO] katalon - post https://testops.katalon.io/api/v1/agent 200.
[2023-08-28T10:37:14.128] [INFO] katalon - post https://testops.katalon.io/api/v1/agent 200.
[2023-08-28T10:37:14.142] [INFO] katalon - get https://testops.katalon.io/api/v1/jobs/get-job 200.
[2023-08-28T10:38:14.172] [INFO] katalon - post https://testops.katalon.io/api/v1/agent 200.
[2023-08-28T10:38:14.191] [INFO] katalon - get https://testops.katalon.io/api/v1/jobs/get-job 200.
[2023-08-28T10:38:15.447] [INFO] katalon - post https://testops.katalon.io/api/v1/jobs/update-job 200.
[2023-08-28T10:38:15.452] [INFO] katalon - Download test project to temp directory: C:\Users\USER\Desktop\Agent\tmp\2023.08.28-10.38--17812-g8L078xGyPlc-1794921
[2023-08-28T10:38:15.455] [INFO] katalon - Uploading job execution log...
[2023-08-28T10:38:16.911] [INFO] katalon - get https://testops.katalon.io/api/v1/files/upload-url 200.
[2023-08-28T10:38:17.297] [INFO] katalon - put https://katalon-test.s3-accelerate.amazonaws.com/04f7bb14-106c-400e-acee-4a4aa6dc0f09?X-Amz-Algorithm=AWS4-HMAC-SHA256&X-Amz-Date=20230828T033816Z&X-Amz-SignedHeaders=host&X-Amz-Expires=3600&X-Amz-Credential=AKIAIXB3N7Z3SQHJU4MQ%2F20230828%2Fus-east-1%2Fs3%2Faws4_request&X-Amz-Signature=3348ae2a5f7a1ca600c1fd4af053624e2a89370c30a3e9b265771c5f58bbb8ca 200.
[2023-08-28T10:38:18.634] [INFO] katalon - post https://testops.katalon.io/api/v1/jobs/save-log 200.
[2023-08-28T10:38:18.636] [INFO] katalon - Downloading test project...
[2023-08-28T10:38:18.640] [ERROR] katalon - executeJob: { Error: Error: spawn git ENOENT
    at Process.ChildProcess._handle.onexit (internal/child_process.js:240:19)
    at onErrorNT (internal/child_process.js:415:16)
    at process._tickCallback (internal/process/next_tick.js:63:19)
    at GitExecutorChain.onFatalException (D:\snapshot\katalon-agent\node_modules\simple-git\src\lib\runners\git-executor-chain.js:61:87)
    at GitExecutorChain.<anonymous> (D:\snapshot\katalon-agent\node_modules\simple-git\src\lib\runners\git-executor-chain.js:52:28)
    at Generator.throw (<anonymous>)
    at rejected (D:\snapshot\katalon-agent\node_modules\simple-git\src\lib\runners\git-executor-chain.js:6:65)
  task:
   { commands:
      [ 'clone',
        '--depth',
        '1',
        '--branch',
        'master',
        'https://garakita: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@github.com/garakita/katalon.git',
        'C:\\Users\\USER\\Desktop\\Agent\\tmp\\2023.08.28-10.38--17812-g8L078xGyPlc-1794921\\katalon.git' ],
     format: 'utf-8',
     parser: [Function: parser] } }
[2023-08-28T10:38:19.011] [INFO] katalon - put https://katalon-test.s3-accelerate.amazonaws.com/04f7bb14-106c-400e-acee-4a4aa6dc0f09?X-Amz-Algorithm=AWS4-HMAC-SHA256&X-Amz-Date=20230828T033816Z&X-Amz-SignedHeaders=host&X-Amz-Expires=3600&X-Amz-Credential=AKIAIXB3N7Z3SQHJU4MQ%2F20230828%2Fus-east-1%2Fs3%2Faws4_request&X-Amz-Signature=3348ae2a5f7a1ca600c1fd4af053624e2a89370c30a3e9b265771c5f58bbb8ca 200.
[2023-08-28T10:38:19.925] [INFO] katalon - post https://testops.katalon.io/api/v1/jobs/update-job 200.
[2023-08-28T10:38:19.926] [INFO] katalon - Uploading job execution log...
[2023-08-28T10:38:20.259] [INFO] katalon - post https://testops.katalon.io/api/v1/jobs/1794921/notify 200.
[2023-08-28T10:38:21.427] [INFO] katalon - get https://testops.katalon.io/api/v1/files/upload-url 200.
[2023-08-28T10:38:21.798] [INFO] katalon - put https://katalon-test.s3-accelerate.amazonaws.com/6a79b79d-db37-4145-8c33-4e5595bb2b6d?X-Amz-Algorithm=AWS4-HMAC-SHA256&X-Amz-Date=20230828T033821Z&X-Amz-SignedHeaders=host&X-Amz-Expires=3600&X-Amz-Credential=AKIAIXB3N7Z3SQHJU4MQ%2F20230828%2Fus-east-1%2Fs3%2Faws4_request&X-Amz-Signature=1dd46bc56307c4e24ab2ac5c730bf96161db952d269927e02c04cd156af88c3a 200.
[2023-08-28T10:38:23.133] [INFO] katalon - post https://testops.katalon.io/api/v1/jobs/save-log 200.
[2023-08-28T10:38:23.134] [INFO] katalon - Job execution log uploaded.
[2023-08-28T10:38:24.379] [INFO] katalon - post https://testops.katalon.io/api/v1/jobs/1794921/notify 200.
[2023-08-28T10:39:14.123] [INFO] katalon - post https://testops.katalon.io/api/v1/agent 200.
[2023-08-28T10:39:14.153] [INFO] katalon - get https://testops.katalon.io/api/v1/jobs/get-job 200.
[2023-08-28T10:40:14.155] [INFO] katalon - get https://testops.katalon.io/api/v1/jobs/get-job 200.
[2023-08-28T10:40:14.196] [INFO] katalon - post https://testops.katalon.io/api/v1/agent 200.
[2023-08-28T10:41:14.123] [INFO] katalon - post https://testops.katalon.io/api/v1/agent 200.
[2023-08-28T10:41:14.168] [INFO] katalon - get https://testops.katalon.io/api/v1/jobs/get-job 200.
[2023-08-28T10:41:15.422] [INFO] katalon - post https://testops.katalon.io/api/v1/jobs/update-job 200.
[2023-08-28T10:41:15.423] [INFO] katalon - Download test project to temp directory: C:\Users\USER\Desktop\Agent\tmp\2023.08.28-10.41--17812-P9Al0ECWaP0G-1794930
[2023-08-28T10:41:15.424] [INFO] katalon - Uploading job execution log...
[2023-08-28T10:41:16.902] [INFO] katalon - get https://testops.katalon.io/api/v1/files/upload-url 200.
[2023-08-28T10:41:17.340] [INFO] katalon - put https://katalon-test.s3-accelerate.amazonaws.com/94d68ac1-bbb7-4ba7-9621-d2459c5e26bb?X-Amz-Algorithm=AWS4-HMAC-SHA256&X-Amz-Date=20230828T034116Z&X-Amz-SignedHeaders=host&X-Amz-Expires=3600&X-Amz-Credential=AKIAIXB3N7Z3SQHJU4MQ%2F20230828%2Fus-east-1%2Fs3%2Faws4_request&X-Amz-Signature=b06bbc3b433efb37ee2565cd01032546ccb67e808884aa0c320776fc981f4d7d 200.
[2023-08-28T10:41:18.685] [INFO] katalon - post https://testops.katalon.io/api/v1/jobs/save-log 200.
[2023-08-28T10:41:18.686] [INFO] katalon - Downloading test project...
[2023-08-28T10:41:18.691] [ERROR] katalon - executeJob: { Error: Error: spawn git ENOENT
    at Process.ChildProcess._handle.onexit (internal/child_process.js:240:19)
    at onErrorNT (internal/child_process.js:415:16)
    at process._tickCallback (internal/process/next_tick.js:63:19)
    at GitExecutorChain.onFatalException (D:\snapshot\katalon-agent\node_modules\simple-git\src\lib\runners\git-executor-chain.js:61:87)
    at GitExecutorChain.<anonymous> (D:\snapshot\katalon-agent\node_modules\simple-git\src\lib\runners\git-executor-chain.js:52:28)
    at Generator.throw (<anonymous>)
    at rejected (D:\snapshot\katalon-agent\node_modules\simple-git\src\lib\runners\git-executor-chain.js:6:65)
  task:
   { commands:
      [ 'clone',
        '--depth',
        '1',
        '--branch',
        'master',
        'https://garakita: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@github.com/garakita/katalon.git',
        'C:\\Users\\USER\\Desktop\\Agent\\tmp\\2023.08.28-10.41--17812-P9Al0ECWaP0G-1794930\\katalon.git' ],
     format: 'utf-8',
     parser: [Function: parser] } }
[2023-08-28T10:41:19.040] [INFO] katalon - put https://katalon-test.s3-accelerate.amazonaws.com/94d68ac1-bbb7-4ba7-9621-d2459c5e26bb?X-Amz-Algorithm=AWS4-HMAC-SHA256&X-Amz-Date=20230828T034116Z&X-Amz-SignedHeaders=host&X-Amz-Expires=3600&X-Amz-Credential=AKIAIXB3N7Z3SQHJU4MQ%2F20230828%2Fus-east-1%2Fs3%2Faws4_request&X-Amz-Signature=b06bbc3b433efb37ee2565cd01032546ccb67e808884aa0c320776fc981f4d7d 200.
[2023-08-28T10:41:19.990] [INFO] katalon - post https://testops.katalon.io/api/v1/jobs/update-job 200.
[2023-08-28T10:41:19.991] [INFO] katalon - Uploading job execution log...
[2023-08-28T10:41:20.284] [INFO] katalon - post https://testops.katalon.io/api/v1/jobs/1794930/notify 200.
[2023-08-28T10:41:21.496] [INFO] katalon - get https://testops.katalon.io/api/v1/files/upload-url 200.
[2023-08-28T10:41:21.920] [INFO] katalon - put https://katalon-test.s3-accelerate.amazonaws.com/8e7beb81-4615-4347-95ea-4204c3c72546?X-Amz-Algorithm=AWS4-HMAC-SHA256&X-Amz-Date=20230828T034121Z&X-Amz-SignedHeaders=host&X-Amz-Expires=3600&X-Amz-Credential=AKIAIXB3N7Z3SQHJU4MQ%2F20230828%2Fus-east-1%2Fs3%2Faws4_request&X-Amz-Signature=d31014e055d9e4224252b6ab880cb741ef031e52159d3dd1b968de4678d91bad 200.
[2023-08-28T10:41:23.242] [INFO] katalon - post https://testops.katalon.io/api/v1/jobs/save-log 200.
[2023-08-28T10:41:23.242] [INFO] katalon - Job execution log uploaded.
[2023-08-28T10:41:24.472] [INFO] katalon - post https://testops.katalon.io/api/v1/jobs/1794930/notify 200.
[2023-08-28T10:42:14.146] [INFO] katalon - post https://testops.katalon.io/api/v1/agent 200.
[2023-08-28T10:42:14.165] [INFO] katalon - get https://testops.katalon.io/api/v1/jobs/get-job 200.
[2023-08-28T10:43:14.184] [INFO] katalon - get https://testops.katalon.io/api/v1/jobs/get-job 200.
[2023-08-28T10:43:14.215] [INFO] katalon - post https://testops.katalon.io/api/v1/agent 200.
[2023-08-28T10:44:14.265] [INFO] katalon - get https://testops.katalon.io/api/v1/jobs/get-job 200.
[2023-08-28T10:44:14.266] [INFO] katalon - post https://testops.katalon.io/api/v1/agent 200.
[2023-08-28T10:45:14.237] [INFO] katalon - post https://testops.katalon.io/api/v1/agent 200.
[2023-08-28T10:45:14.240] [INFO] katalon - get https://testops.katalon.io/api/v1/jobs/get-job 200.
[2023-08-28T10:47:37.273] [INFO] katalon - Loading agent configs @ C:\Users\USER\git\katalon\Agent\agentconfig
[2023-08-28T10:47:37.280] [INFO] katalon - Katalon Agent v1.7.6 started @ Mon Aug 28 2023 10:47:37 GMT+0700 (GMT+07:00)
[2023-08-28T10:47:37.280] [INFO] katalon - Getting server profiles...
[2023-08-28T10:47:38.431] [INFO] katalon - get https://testops.katalon.io/info 200.
[2023-08-28T10:47:39.700] [INFO] katalon - get https://testops.katalon.io/api/v1/jobs/get-job 200.
[2023-08-28T10:47:40.981] [INFO] katalon - post https://testops.katalon.io/api/v1/jobs/update-job 200.
[2023-08-28T10:47:40.984] [INFO] katalon - Download test project to temp directory: C:\Users\USER\git\katalon\Agent\tmp\2023.08.28-10.47--9112-Sb6kTnE7gbyO-1794937
[2023-08-28T10:47:40.993] [INFO] katalon - Uploading job execution log...
[2023-08-28T10:47:42.434] [INFO] katalon - get https://testops.katalon.io/api/v1/files/upload-url 200.
[2023-08-28T10:47:42.805] [INFO] katalon - put https://katalon-test.s3-accelerate.amazonaws.com/f77846c9-560f-44f7-b73c-976408a7563d?X-Amz-Algorithm=AWS4-HMAC-SHA256&X-Amz-Date=20230828T034742Z&X-Amz-SignedHeaders=host&X-Amz-Expires=3600&X-Amz-Credential=AKIAIXB3N7Z3SQHJU4MQ%2F20230828%2Fus-east-1%2Fs3%2Faws4_request&X-Amz-Signature=80e09f3710a397d36a7f1628d9e8851f19f628b3e019749db86f706321331ac3 200.
[2023-08-28T10:47:44.196] [INFO] katalon - post https://testops.katalon.io/api/v1/jobs/save-log 200.
[2023-08-28T10:47:44.201] [INFO] katalon - Downloading test project...
[2023-08-28T10:47:44.212] [ERROR] katalon - executeJob: { Error: Error: spawn git ENOENT
    at Process.ChildProcess._handle.onexit (internal/child_process.js:240:19)
    at onErrorNT (internal/child_process.js:415:16)
    at process._tickCallback (internal/process/next_tick.js:63:19)
    at GitExecutorChain.onFatalException (D:\snapshot\katalon-agent\node_modules\simple-git\src\lib\runners\git-executor-chain.js:61:87)
    at GitExecutorChain.<anonymous> (D:\snapshot\katalon-agent\node_modules\simple-git\src\lib\runners\git-executor-chain.js:52:28)
    at Generator.throw (<anonymous>)
    at rejected (D:\snapshot\katalon-agent\node_modules\simple-git\src\lib\runners\git-executor-chain.js:6:65)
  task:
   { commands:
      [ 'clone',
        '--depth',
        '1',
        '--branch',
        'master',
        'https://garakita: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@github.com/garakita/katalon.git',
        'C:\\Users\\USER\\git\\katalon\\Agent\\tmp\\2023.08.28-10.47--9112-Sb6kTnE7gbyO-1794937\\katalon.git' ],
     format: 'utf-8',
     parser: [Function: parser] } }
[2023-08-28T10:47:44.611] [INFO] katalon - put https://katalon-test.s3-accelerate.amazonaws.com/f77846c9-560f-44f7-b73c-976408a7563d?X-Amz-Algorithm=AWS4-HMAC-SHA256&X-Amz-Date=20230828T034742Z&X-Amz-SignedHeaders=host&X-Amz-Expires=3600&X-Amz-Credential=AKIAIXB3N7Z3SQHJU4MQ%2F20230828%2Fus-east-1%2Fs3%2Faws4_request&X-Amz-Signature=80e09f3710a397d36a7f1628d9e8851f19f628b3e019749db86f706321331ac3 200.
[2023-08-28T10:47:45.530] [INFO] katalon - post https://testops.katalon.io/api/v1/jobs/update-job 200.
[2023-08-28T10:47:45.531] [INFO] katalon - Uploading job execution log...
[2023-08-28T10:47:45.837] [INFO] katalon - post https://testops.katalon.io/api/v1/jobs/1794937/notify 200.
[2023-08-28T10:47:46.965] [INFO] katalon - get https://testops.katalon.io/api/v1/files/upload-url 200.
[2023-08-28T10:47:47.407] [INFO] katalon - put https://katalon-test.s3-accelerate.amazonaws.com/7d0d374d-c7d9-4056-abcf-4b4ecc8834e7?X-Amz-Algorithm=AWS4-HMAC-SHA256&X-Amz-Date=20230828T034746Z&X-Amz-SignedHeaders=host&X-Amz-Expires=3600&X-Amz-Credential=AKIAIXB3N7Z3SQHJU4MQ%2F20230828%2Fus-east-1%2Fs3%2Faws4_request&X-Amz-Signature=cf19cab485d8e59e3b437e7a9e97a0baf50569e8be9e08f0717d5dd0717a050f 200.
[2023-08-28T10:47:48.744] [INFO] katalon - post https://testops.katalon.io/api/v1/jobs/save-log 200.
[2023-08-28T10:47:48.745] [INFO] katalon - Job execution log uploaded.
[2023-08-28T10:47:50.008] [INFO] katalon - post https://testops.katalon.io/api/v1/jobs/1794937/notify 200.
[2023-08-28T10:48:38.589] [INFO] katalon - post https://testops.katalon.io/api/v1/agent 200.
[2023-08-28T10:48:38.601] [INFO] katalon - get https://testops.katalon.io/api/v1/jobs/get-job 200.
[2023-08-28T10:49:26.096] [INFO] katalon - Updated configs @ C:\Users\USER\git\katalon\Agent\agentconfig.
[2023-08-28T10:49:43.547] [INFO] katalon - Loading agent configs @ C:\Users\USER\git\katalon\Agent\agentconfig
[2023-08-28T10:49:43.552] [INFO] katalon - Katalon Agent v1.7.6 started @ Mon Aug 28 2023 10:49:43 GMT+0700 (GMT+07:00)
[2023-08-28T10:49:43.553] [INFO] katalon - Getting server profiles...
[2023-08-28T10:49:44.695] [INFO] katalon - get https://testops.katalon.io/info 200.
[2023-08-28T10:49:45.921] [INFO] katalon - get https://testops.katalon.io/api/v1/jobs/get-job 200.
[2023-08-28T10:50:44.857] [INFO] katalon - post https://testops.katalon.io/api/v1/agent 200.
[2023-08-28T10:50:44.868] [INFO] katalon - get https://testops.katalon.io/api/v1/jobs/get-job 200.
[2023-08-28T10:51:44.859] [INFO] katalon - post https://testops.katalon.io/api/v1/agent 200.
[2023-08-28T10:51:44.870] [INFO] katalon - get https://testops.katalon.io/api/v1/jobs/get-job 200.
[2023-08-28T10:51:46.175] [INFO] katalon - post https://testops.katalon.io/api/v1/jobs/update-job 200.
[2023-08-28T10:51:46.181] [INFO] katalon - Download test project to temp directory: C:\Users\USER\git\katalon\Agent\tmp\2023.08.28-10.51--8532-GyKjRbuuGZoe-1794950
[2023-08-28T10:51:46.202] [INFO] katalon - Uploading job execution log...
[2023-08-28T10:51:47.760] [INFO] katalon - get https://testops.katalon.io/api/v1/files/upload-url 200.
[2023-08-28T10:51:48.163] [INFO] katalon - put https://katalon-test.s3-accelerate.amazonaws.com/97042940-65b4-4439-9a53-cd6ab76f7a4d?X-Amz-Algorithm=AWS4-HMAC-SHA256&X-Amz-Date=20230828T035147Z&X-Amz-SignedHeaders=host&X-Amz-Expires=3600&X-Amz-Credential=AKIAIXB3N7Z3SQHJU4MQ%2F20230828%2Fus-east-1%2Fs3%2Faws4_request&X-Amz-Signature=370e79e0000fb4c278e5a4336131fed905214271292b6d1c2076c2f435a14821 200.
[2023-08-28T10:51:49.513] [INFO] katalon - post https://testops.katalon.io/api/v1/jobs/save-log 200.
[2023-08-28T10:51:49.523] [INFO] katalon - Downloading test project...
[2023-08-28T10:51:49.540] [ERROR] katalon - executeJob: { Error: Error: spawn git ENOENT
    at Process.ChildProcess._handle.onexit (internal/child_process.js:240:19)
    at onErrorNT (internal/child_process.js:415:16)
    at process._tickCallback (internal/process/next_tick.js:63:19)
    at GitExecutorChain.onFatalException (D:\snapshot\katalon-agent\node_modules\simple-git\src\lib\runners\git-executor-chain.js:61:87)
    at GitExecutorChain.<anonymous> (D:\snapshot\katalon-agent\node_modules\simple-git\src\lib\runners\git-executor-chain.js:52:28)
    at Generator.throw (<anonymous>)
    at rejected (D:\snapshot\katalon-agent\node_modules\simple-git\src\lib\runners\git-executor-chain.js:6:65)
  task:
   { commands:
      [ 'clone',
        '--depth',
        '1',
        '--branch',
        'master',
        'https://garakita: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@github.com/garakita/katalon.git',
        'C:\\Users\\USER\\git\\katalon\\Agent\\tmp\\2023.08.28-10.51--8532-GyKjRbuuGZoe-1794950\\katalon.git' ],
     format: 'utf-8',
     parser: [Function: parser] } }
[2023-08-28T10:51:49.926] [INFO] katalon - put https://katalon-test.s3-accelerate.amazonaws.com/97042940-65b4-4439-9a53-cd6ab76f7a4d?X-Amz-Algorithm=AWS4-HMAC-SHA256&X-Amz-Date=20230828T035147Z&X-Amz-SignedHeaders=host&X-Amz-Expires=3600&X-Amz-Credential=AKIAIXB3N7Z3SQHJU4MQ%2F20230828%2Fus-east-1%2Fs3%2Faws4_request&X-Amz-Signature=370e79e0000fb4c278e5a4336131fed905214271292b6d1c2076c2f435a14821 200.
[2023-08-28T10:51:50.836] [INFO] katalon - post https://testops.katalon.io/api/v1/jobs/update-job 200.
[2023-08-28T10:51:50.836] [INFO] katalon - Uploading job execution log...
[2023-08-28T10:51:51.150] [INFO] katalon - post https://testops.katalon.io/api/v1/jobs/1794950/notify 200.
[2023-08-28T10:51:52.305] [INFO] katalon - get https://testops.katalon.io/api/v1/files/upload-url 200.
[2023-08-28T10:51:52.703] [INFO] katalon - put https://katalon-test.s3-accelerate.amazonaws.com/3ddf6e30-ac78-4ac9-b549-de9bda2bb494?X-Amz-Algorithm=AWS4-HMAC-SHA256&X-Amz-Date=20230828T035152Z&X-Amz-SignedHeaders=host&X-Amz-Expires=3600&X-Amz-Credential=AKIAIXB3N7Z3SQHJU4MQ%2F20230828%2Fus-east-1%2Fs3%2Faws4_request&X-Amz-Signature=2673764db285280c376eb1c04d92f16ad62a1104db113d7d0ca457d12dfde71c 200.
[2023-08-28T10:51:54.003] [INFO] katalon - post https://testops.katalon.io/api/v1/jobs/save-log 200.
[2023-08-28T10:51:54.003] [INFO] katalon - Job execution log uploaded.
[2023-08-28T10:51:55.246] [INFO] katalon - post https://testops.katalon.io/api/v1/jobs/1794950/notify 200.
[2023-08-28T10:53:33.630] [INFO] katalon - Loading agent configs @ C:\Users\USER\git\katalon\agentconfig
[2023-08-28T10:53:33.636] [INFO] katalon - Katalon Agent v1.7.6 started @ Mon Aug 28 2023 10:53:33 GMT+0700 (GMT+07:00)
[2023-08-28T10:53:33.636] [INFO] katalon - Getting server profiles...
[2023-08-28T10:53:34.828] [INFO] katalon - get https://testops.katalon.io/info 200.
[2023-08-28T10:53:36.049] [INFO] katalon - get https://testops.katalon.io/api/v1/jobs/get-job 200.
[2023-08-28T10:54:34.943] [INFO] katalon - post https://testops.katalon.io/api/v1/agent 200.
[2023-08-28T10:54:34.953] [INFO] katalon - get https://testops.katalon.io/api/v1/jobs/get-job 200.
[2023-08-28T10:55:34.931] [INFO] katalon - get https://testops.katalon.io/api/v1/jobs/get-job 200.
[2023-08-28T10:55:34.954] [INFO] katalon - post https://testops.katalon.io/api/v1/agent 200.
[2023-08-28T10:55:36.199] [INFO] katalon - post https://testops.katalon.io/api/v1/jobs/update-job 200.
[2023-08-28T10:55:36.202] [INFO] katalon - Download test project to temp directory: C:\Users\USER\git\katalon\tmp\2023.08.28-10.55--14396-qpAdHszem8cg-1794955
[2023-08-28T10:55:36.215] [INFO] katalon - Uploading job execution log...
[2023-08-28T10:55:37.650] [INFO] katalon - get https://testops.katalon.io/api/v1/files/upload-url 200.
[2023-08-28T10:55:38.096] [INFO] katalon - put https://katalon-test.s3-accelerate.amazonaws.com/506d1cf2-fd56-4feb-a7b8-a84f43d346c3?X-Amz-Algorithm=AWS4-HMAC-SHA256&X-Amz-Date=20230828T035537Z&X-Amz-SignedHeaders=host&X-Amz-Expires=3600&X-Amz-Credential=AKIAIXB3N7Z3SQHJU4MQ%2F20230828%2Fus-east-1%2Fs3%2Faws4_request&X-Amz-Signature=9dd592ff075e692b3614df74fa2914d7d37fb5d307a1357072294e6184f58f3e 200.
[2023-08-28T10:55:39.450] [INFO] katalon - post https://testops.katalon.io/api/v1/jobs/save-log 200.
[2023-08-28T10:55:39.459] [INFO] katalon - Downloading test project...
[2023-08-28T10:55:39.475] [ERROR] katalon - executeJob: { Error: Error: spawn git ENOENT
    at Process.ChildProcess._handle.onexit (internal/child_process.js:240:19)
    at onErrorNT (internal/child_process.js:415:16)
    at process._tickCallback (internal/process/next_tick.js:63:19)
    at GitExecutorChain.onFatalException (D:\snapshot\katalon-agent\node_modules\simple-git\src\lib\runners\git-executor-chain.js:61:87)
    at GitExecutorChain.<anonymous> (D:\snapshot\katalon-agent\node_modules\simple-git\src\lib\runners\git-executor-chain.js:52:28)
    at Generator.throw (<anonymous>)
    at rejected (D:\snapshot\katalon-agent\node_modules\simple-git\src\lib\runners\git-executor-chain.js:6:65)
  task:
   { commands:
      [ 'clone',
        '--depth',
        '1',
        '--branch',
        'master',
        'https://garakita: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@github.com/garakita/katalon.git',
        'C:\\Users\\USER\\git\\katalon\\tmp\\2023.08.28-10.55--14396-qpAdHszem8cg-1794955\\katalon.git' ],
     format: 'utf-8',
     parser: [Function: parser] } }
[2023-08-28T10:55:39.860] [INFO] katalon - put https://katalon-test.s3-accelerate.amazonaws.com/506d1cf2-fd56-4feb-a7b8-a84f43d346c3?X-Amz-Algorithm=AWS4-HMAC-SHA256&X-Amz-Date=20230828T035537Z&X-Amz-SignedHeaders=host&X-Amz-Expires=3600&X-Amz-Credential=AKIAIXB3N7Z3SQHJU4MQ%2F20230828%2Fus-east-1%2Fs3%2Faws4_request&X-Amz-Signature=9dd592ff075e692b3614df74fa2914d7d37fb5d307a1357072294e6184f58f3e 200.
[2023-08-28T10:55:40.746] [INFO] katalon - post https://testops.katalon.io/api/v1/jobs/update-job 200.
[2023-08-28T10:55:40.747] [INFO] katalon - Uploading job execution log...
[2023-08-28T10:55:41.129] [INFO] katalon - post https://testops.katalon.io/api/v1/jobs/1794955/notify 200.
[2023-08-28T10:55:42.244] [INFO] katalon - get https://testops.katalon.io/api/v1/files/upload-url 200.
[2023-08-28T10:55:42.636] [INFO] katalon - put https://katalon-test.s3-accelerate.amazonaws.com/1211b38f-9598-407e-aa2a-50fcbf829f11?X-Amz-Algorithm=AWS4-HMAC-SHA256&X-Amz-Date=20230828T035542Z&X-Amz-SignedHeaders=host&X-Amz-Expires=3600&X-Amz-Credential=AKIAIXB3N7Z3SQHJU4MQ%2F20230828%2Fus-east-1%2Fs3%2Faws4_request&X-Amz-Signature=570af5fc0fcf99d3399f018534db6156220a66b8cff6f6294629f1988eda5fd5 200.
[2023-08-28T10:55:43.995] [INFO] katalon - post https://testops.katalon.io/api/v1/jobs/save-log 200.
[2023-08-28T10:55:43.996] [INFO] katalon - Job execution log uploaded.
[2023-08-28T10:55:45.265] [INFO] katalon - post https://testops.katalon.io/api/v1/jobs/1794955/notify 200.
[2023-08-28T10:56:34.943] [INFO] katalon - post https://testops.katalon.io/api/v1/agent 200.
[2023-08-28T10:56:34.957] [INFO] katalon - get https://testops.katalon.io/api/v1/jobs/get-job 200.
[2023-08-28T10:57:34.952] [INFO] katalon - post https://testops.katalon.io/api/v1/agent 200.
[2023-08-28T10:57:34.987] [INFO] katalon - get https://testops.katalon.io/api/v1/jobs/get-job 200.
[2023-08-28T10:58:34.913] [INFO] katalon - get https://testops.katalon.io/api/v1/jobs/get-job 200.
[2023-08-28T10:58:34.941] [INFO] katalon - post https://testops.katalon.io/api/v1/agent 200.
[2023-08-28T10:59:34.909] [INFO] katalon - post https://testops.katalon.io/api/v1/agent 200.
[2023-08-28T10:59:34.934] [INFO] katalon - get https://testops.katalon.io/api/v1/jobs/get-job 200.
[2023-08-28T11:00:34.923] [INFO] katalon - post https://testops.katalon.io/api/v1/agent 200.
[2023-08-28T11:00:34.958] [INFO] katalon - get https://testops.katalon.io/api/v1/jobs/get-job 200.
[2023-08-28T11:01:34.945] [INFO] katalon - post https://testops.katalon.io/api/v1/agent 200.
[2023-08-28T11:01:34.969] [INFO] katalon - get https://testops.katalon.io/api/v1/jobs/get-job 200.
[2023-08-28T11:02:34.967] [INFO] katalon - get https://testops.katalon.io/api/v1/jobs/get-job 200.
[2023-08-28T11:02:35.000] [INFO] katalon - post https://testops.katalon.io/api/v1/agent 200.
[2023-08-28T11:03:34.975] [INFO] katalon - get https://testops.katalon.io/api/v1/jobs/get-job 200.
[2023-08-28T11:03:34.998] [INFO] katalon - post https://testops.katalon.io/api/v1/agent 200.
[2023-08-28T11:04:35.006] [INFO] katalon - post https://testops.katalon.io/api/v1/agent 200.
[2023-08-28T11:04:35.008] [INFO] katalon - get https://testops.katalon.io/api/v1/jobs/get-job 200.
[2023-08-28T11:05:34.997] [INFO] katalon - post https://testops.katalon.io/api/v1/agent 200.
[2023-08-28T11:05:35.029] [INFO] katalon - get https://testops.katalon.io/api/v1/jobs/get-job 200.
[2023-08-28T11:06:35.020] [INFO] katalon - get https://testops.katalon.io/api/v1/jobs/get-job 200.
[2023-08-28T11:06:35.024] [INFO] katalon - post https://testops.katalon.io/api/v1/agent 200.
[2023-08-28T11:07:35.007] [INFO] katalon - post https://testops.katalon.io/api/v1/agent 200.
[2023-08-28T11:07:35.018] [INFO] katalon - get https://testops.katalon.io/api/v1/jobs/get-job 200.
[2023-08-28T11:08:35.010] [INFO] katalon - get https://testops.katalon.io/api/v1/jobs/get-job 200.
[2023-08-28T11:08:35.036] [INFO] katalon - post https://testops.katalon.io/api/v1/agent 200.
[2023-08-28T11:09:35.002] [INFO] katalon - get https://testops.katalon.io/api/v1/jobs/get-job 200.
[2023-08-28T11:09:35.033] [INFO] katalon - post https://testops.katalon.io/api/v1/agent 200.
[2023-08-28T11:10:34.994] [INFO] katalon - post https://testops.katalon.io/api/v1/agent 200.
[2023-08-28T11:10:35.003] [INFO] katalon - get https://testops.katalon.io/api/v1/jobs/get-job 200.
[2023-08-28T11:11:35.045] [INFO] katalon - get https://testops.katalon.io/api/v1/jobs/get-job 200.
[2023-08-28T11:11:35.052] [INFO] katalon - post https://testops.katalon.io/api/v1/agent 200.
[2023-08-28T11:11:36.299] [INFO] katalon - post https://testops.katalon.io/api/v1/jobs/update-job 200.
[2023-08-28T11:11:36.301] [INFO] katalon - Download test project to temp directory: C:\Users\USER\git\katalon\tmp\2023.08.28-11.11--14396-2M3XfYGmeKDq-1794991
[2023-08-28T11:11:36.302] [INFO] katalon - Uploading job execution log...
[2023-08-28T11:11:37.783] [INFO] katalon - get https://testops.katalon.io/api/v1/files/upload-url 200.
[2023-08-28T11:11:38.216] [INFO] katalon - put https://katalon-test.s3-accelerate.amazonaws.com/a171cebb-440d-4009-b163-72e7e74c27a3?X-Amz-Algorithm=AWS4-HMAC-SHA256&X-Amz-Date=20230828T041137Z&X-Amz-SignedHeaders=host&X-Amz-Expires=3600&X-Amz-Credential=AKIAIXB3N7Z3SQHJU4MQ%2F20230828%2Fus-east-1%2Fs3%2Faws4_request&X-Amz-Signature=6658298e4404d0a957e8e2632830aac8ba8c19bcf008c394bd96591a4c721670 200.
[2023-08-28T11:11:39.602] [INFO] katalon - post https://testops.katalon.io/api/v1/jobs/save-log 200.
[2023-08-28T11:11:39.604] [INFO] katalon - Downloading test project...
[2023-08-28T11:11:39.608] [ERROR] katalon - executeJob: { Error: Error: spawn git ENOENT
    at Process.ChildProcess._handle.onexit (internal/child_process.js:240:19)
    at onErrorNT (internal/child_process.js:415:16)
    at process._tickCallback (internal/process/next_tick.js:63:19)
    at GitExecutorChain.onFatalException (D:\snapshot\katalon-agent\node_modules\simple-git\src\lib\runners\git-executor-chain.js:61:87)
    at GitExecutorChain.<anonymous> (D:\snapshot\katalon-agent\node_modules\simple-git\src\lib\runners\git-executor-chain.js:52:28)
    at Generator.throw (<anonymous>)
    at rejected (D:\snapshot\katalon-agent\node_modules\simple-git\src\lib\runners\git-executor-chain.js:6:65)
  task:
   { commands:
      [ 'clone',
        '--depth',
        '1',
        '--branch',
        'master',
        'https://garakita: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@github.com/garakita/katalon.git',
        'C:\\Users\\USER\\git\\katalon\\tmp\\2023.08.28-11.11--14396-2M3XfYGmeKDq-1794991\\katalon.git' ],
     format: 'utf-8',
     parser: [Function: parser] } }
[2023-08-28T11:11:39.968] [INFO] katalon - put https://katalon-test.s3-accelerate.amazonaws.com/a171cebb-440d-4009-b163-72e7e74c27a3?X-Amz-Algorithm=AWS4-HMAC-SHA256&X-Amz-Date=20230828T041137Z&X-Amz-SignedHeaders=host&X-Amz-Expires=3600&X-Amz-Credential=AKIAIXB3N7Z3SQHJU4MQ%2F20230828%2Fus-east-1%2Fs3%2Faws4_request&X-Amz-Signature=6658298e4404d0a957e8e2632830aac8ba8c19bcf008c394bd96591a4c721670 200.
[2023-08-28T11:11:40.901] [INFO] katalon - post https://testops.katalon.io/api/v1/jobs/update-job 200.
[2023-08-28T11:11:40.902] [INFO] katalon - Uploading job execution log...
[2023-08-28T11:11:41.212] [INFO] katalon - post https://testops.katalon.io/api/v1/jobs/1794991/notify 200.
[2023-08-28T11:11:42.374] [INFO] katalon - get https://testops.katalon.io/api/v1/files/upload-url 200.
[2023-08-28T11:11:42.771] [INFO] katalon - put https://katalon-test.s3-accelerate.amazonaws.com/8af7185c-795a-4026-b398-a5bcb477dfa6?X-Amz-Algorithm=AWS4-HMAC-SHA256&X-Amz-Date=20230828T041142Z&X-Amz-SignedHeaders=host&X-Amz-Expires=3600&X-Amz-Credential=AKIAIXB3N7Z3SQHJU4MQ%2F20230828%2Fus-east-1%2Fs3%2Faws4_request&X-Amz-Signature=17cf5fb8d2069685086277f2fc6a35d241db117a95b592b1d31922665ebaf78c 200.
[2023-08-28T11:11:44.121] [INFO] katalon - post https://testops.katalon.io/api/v1/jobs/save-log 200.
[2023-08-28T11:11:44.121] [INFO] katalon - Job execution log uploaded.
[2023-08-28T11:11:45.450] [INFO] katalon - post https://testops.katalon.io/api/v1/jobs/1794991/notify 200.
[2023-08-28T11:12:35.055] [INFO] katalon - post https://testops.katalon.io/api/v1/agent 200.
[2023-08-28T11:12:35.062] [INFO] katalon - get https://testops.katalon.io/api/v1/jobs/get-job 200.
[2023-08-28T11:14:01.163] [INFO] katalon - Loading agent configs @ C:\Users\USER\git\katalon\agentconfig
[2023-08-28T11:14:01.169] [INFO] katalon - Katalon Agent v1.7.6 started @ Mon Aug 28 2023 11:14:01 GMT+0700 (GMT+07:00)
[2023-08-28T11:14:01.169] [INFO] katalon - Getting server profiles...
[2023-08-28T11:14:02.329] [INFO] katalon - get https://testops.katalon.io/info 200.
[2023-08-28T11:14:03.551] [INFO] katalon - get https://testops.katalon.io/api/v1/jobs/get-job 200.
[2023-08-28T11:15:02.501] [INFO] katalon - post https://testops.katalon.io/api/v1/agent 200.
[2023-08-28T11:15:02.511] [INFO] katalon - get https://testops.katalon.io/api/v1/jobs/get-job 200.
[2023-08-28T11:15:03.811] [INFO] katalon - post https://testops.katalon.io/api/v1/jobs/update-job 200.
[2023-08-28T11:15:03.815] [INFO] katalon - Download test project to temp directory: C:\Users\USER\git\katalon\tmp\2023.08.28-11.15--16236-QDiS6gzlZCyc-1795000
[2023-08-28T11:15:03.823] [INFO] katalon - Uploading job execution log...
[2023-08-28T11:15:05.256] [INFO] katalon - get https://testops.katalon.io/api/v1/files/upload-url 200.
[2023-08-28T11:15:05.659] [INFO] katalon - put https://katalon-test.s3-accelerate.amazonaws.com/6c745d4f-dbca-4334-9779-bc5f514763f1?X-Amz-Algorithm=AWS4-HMAC-SHA256&X-Amz-Date=20230828T041505Z&X-Amz-SignedHeaders=host&X-Amz-Expires=3600&X-Amz-Credential=AKIAIXB3N7Z3SQHJU4MQ%2F20230828%2Fus-east-1%2Fs3%2Faws4_request&X-Amz-Signature=715624c166c2dd9df30750011a97c378e9bc88dd01ec9ce6d5910be5b9523621 200.
[2023-08-28T11:15:07.070] [INFO] katalon - post https://testops.katalon.io/api/v1/jobs/save-log 200.
[2023-08-28T11:15:07.089] [INFO] katalon - Downloading test project...
[2023-08-28T11:15:07.486] [INFO] katalon - put https://katalon-test.s3-accelerate.amazonaws.com/6c745d4f-dbca-4334-9779-bc5f514763f1?X-Amz-Algorithm=AWS4-HMAC-SHA256&X-Amz-Date=20230828T041505Z&X-Amz-SignedHeaders=host&X-Amz-Expires=3600&X-Amz-Credential=AKIAIXB3N7Z3SQHJU4MQ%2F20230828%2Fus-east-1%2Fs3%2Faws4_request&X-Amz-Signature=715624c166c2dd9df30750011a97c378e9bc88dd01ec9ce6d5910be5b9523621 200.
[2023-08-28T11:15:08.792] [INFO] katalon - post https://testops.katalon.io/api/v1/jobs/1795000/notify 200.
[2023-08-28T11:15:12.985] [INFO] katalon - Create controller for job ID: 1795000
[2023-08-28T11:15:13.366] [INFO] katalon - get https://raw.githubusercontent.com/katalon-studio/katalon-studio/master/releases.json 200.
[2023-08-28T11:15:13.367] [INFO] katalon - Download Katalon Studio 8.6.6 to C:\Users\USER\.katalon\8.6.6.
[2023-08-28T11:15:13.367] [INFO] katalon - Downloading from https://download.katalon.com/8.6.6/Katalon_Studio_Engine_Windows_64-8.6.6.zip. It may take a few minutes.
[2023-08-28T11:15:13.368] [INFO] katalon - Downloading from https://download.katalon.com/8.6.6/Katalon_Studio_Engine_Windows_64-8.6.6.zip to C:\Users\USER\AppData\Local\Temp\tmp-16236-T5EogF4qSGEJ.
[2023-08-28T11:15:13.495] [INFO] katalon - get https://download.katalon.com/8.6.6/Katalon_Studio_Engine_Windows_64-8.6.6.zip 200.
[2023-08-28T11:15:35.202] [INFO] katalon - patch https://testops.katalon.io/api/v1/jobs/1795000 200.
[2023-08-28T11:15:54.042] [INFO] katalon - Finished downloading.
[2023-08-28T11:15:54.042] [INFO] katalon - Decompressing the C:\Users\USER\AppData\Local\Temp\tmp-16236-T5EogF4qSGEJ into C:\Users\USER\.katalon\8.6.6.
[2023-08-28T11:16:02.514] [INFO] katalon - post https://testops.katalon.io/api/v1/agent 200.
[2023-08-28T11:16:02.521] [INFO] katalon - get https://testops.katalon.io/api/v1/jobs/get-job 200.
[2023-08-28T11:16:05.083] [INFO] katalon - patch https://testops.katalon.io/api/v1/jobs/1795000 200.
[2023-08-28T11:16:37.375] [INFO] katalon - patch https://testops.katalon.io/api/v1/jobs/1795000 200.
[2023-08-28T11:16:47.000] [INFO] katalon - put https://katalon-test.s3-accelerate.amazonaws.com/6c745d4f-dbca-4334-9779-bc5f514763f1?X-Amz-Algorithm=AWS4-HMAC-SHA256&X-Amz-Date=20230828T041505Z&X-Amz-SignedHeaders=host&X-Amz-Expires=3600&X-Amz-Credential=AKIAIXB3N7Z3SQHJU4MQ%2F20230828%2Fus-east-1%2Fs3%2Faws4_request&X-Amz-Signature=715624c166c2dd9df30750011a97c378e9bc88dd01ec9ce6d5910be5b9523621 200.
[2023-08-28T11:16:47.852] [INFO] katalon - post https://testops.katalon.io/api/v1/jobs/update-job 200.
[2023-08-28T11:16:48.302] [INFO] katalon - post https://testops.katalon.io/api/v1/jobs/1795000/notify 200.
[2023-08-28T11:16:56.516] [INFO] katalon - put https://katalon-test.s3-accelerate.amazonaws.com/6c745d4f-dbca-4334-9779-bc5f514763f1?X-Amz-Algorithm=AWS4-HMAC-SHA256&X-Amz-Date=20230828T041505Z&X-Amz-SignedHeaders=host&X-Amz-Expires=3600&X-Amz-Credential=AKIAIXB3N7Z3SQHJU4MQ%2F20230828%2Fus-east-1%2Fs3%2Faws4_request&X-Amz-Signature=715624c166c2dd9df30750011a97c378e9bc88dd01ec9ce6d5910be5b9523621 200.
[2023-08-28T11:16:57.750] [INFO] katalon - post https://testops.katalon.io/api/v1/jobs/1795000/notify 200.
[2023-08-28T11:17:02.463] [INFO] katalon - post https://testops.katalon.io/api/v1/agent 200.
[2023-08-28T11:17:02.556] [INFO] katalon - get https://testops.katalon.io/api/v1/jobs/get-job 200.
[2023-08-28T11:17:05.151] [INFO] katalon - patch https://testops.katalon.io/api/v1/jobs/1795000 200.
[2023-08-28T11:17:07.820] [INFO] katalon - put https://katalon-test.s3-accelerate.amazonaws.com/6c745d4f-dbca-4334-9779-bc5f514763f1?X-Amz-Algorithm=AWS4-HMAC-SHA256&X-Amz-Date=20230828T041505Z&X-Amz-SignedHeaders=host&X-Amz-Expires=3600&X-Amz-Credential=AKIAIXB3N7Z3SQHJU4MQ%2F20230828%2Fus-east-1%2Fs3%2Faws4_request&X-Amz-Signature=715624c166c2dd9df30750011a97c378e9bc88dd01ec9ce6d5910be5b9523621 200.
[2023-08-28T11:17:09.156] [INFO] katalon - post https://testops.katalon.io/api/v1/jobs/1795000/notify 200.
[2023-08-28T11:17:18.184] [INFO] katalon - put https://katalon-test.s3-accelerate.amazonaws.com/6c745d4f-dbca-4334-9779-bc5f514763f1?X-Amz-Algorithm=AWS4-HMAC-SHA256&X-Amz-Date=20230828T041505Z&X-Amz-SignedHeaders=host&X-Amz-Expires=3600&X-Amz-Credential=AKIAIXB3N7Z3SQHJU4MQ%2F20230828%2Fus-east-1%2Fs3%2Faws4_request&X-Amz-Signature=715624c166c2dd9df30750011a97c378e9bc88dd01ec9ce6d5910be5b9523621 200.
[2023-08-28T11:17:19.469] [INFO] katalon - post https://testops.katalon.io/api/v1/jobs/1795000/notify 200.
[2023-08-28T11:17:35.109] [INFO] katalon - patch https://testops.katalon.io/api/v1/jobs/1795000 200.
[2023-08-28T11:17:35.260] [INFO] katalon - put https://katalon-test.s3-accelerate.amazonaws.com/6c745d4f-dbca-4334-9779-bc5f514763f1?X-Amz-Algorithm=AWS4-HMAC-SHA256&X-Amz-Date=20230828T041505Z&X-Amz-SignedHeaders=host&X-Amz-Expires=3600&X-Amz-Credential=AKIAIXB3N7Z3SQHJU4MQ%2F20230828%2Fus-east-1%2Fs3%2Faws4_request&X-Amz-Signature=715624c166c2dd9df30750011a97c378e9bc88dd01ec9ce6d5910be5b9523621 200.
[2023-08-28T11:17:36.573] [INFO] katalon - post https://testops.katalon.io/api/v1/jobs/1795000/notify 200.
[2023-08-28T11:17:45.299] [INFO] katalon - put https://katalon-test.s3-accelerate.amazonaws.com/6c745d4f-dbca-4334-9779-bc5f514763f1?X-Amz-Algorithm=AWS4-HMAC-SHA256&X-Amz-Date=20230828T041505Z&X-Amz-SignedHeaders=host&X-Amz-Expires=3600&X-Amz-Credential=AKIAIXB3N7Z3SQHJU4MQ%2F20230828%2Fus-east-1%2Fs3%2Faws4_request&X-Amz-Signature=715624c166c2dd9df30750011a97c378e9bc88dd01ec9ce6d5910be5b9523621 200.
[2023-08-28T11:17:46.561] [INFO] katalon - post https://testops.katalon.io/api/v1/jobs/1795000/notify 200.
[2023-08-28T11:17:55.351] [INFO] katalon - put https://katalon-test.s3-accelerate.amazonaws.com/6c745d4f-dbca-4334-9779-bc5f514763f1?X-Amz-Algorithm=AWS4-HMAC-SHA256&X-Amz-Date=20230828T041505Z&X-Amz-SignedHeaders=host&X-Amz-Expires=3600&X-Amz-Credential=AKIAIXB3N7Z3SQHJU4MQ%2F20230828%2Fus-east-1%2Fs3%2Faws4_request&X-Amz-Signature=715624c166c2dd9df30750011a97c378e9bc88dd01ec9ce6d5910be5b9523621 200.
[2023-08-28T11:17:56.584] [INFO] katalon - post https://testops.katalon.io/api/v1/jobs/1795000/notify 200.
[2023-08-28T11:17:58.095] [INFO] katalon - Job execution finished.
[2023-08-28T11:17:59.383] [INFO] katalon - post https://testops.katalon.io/api/v1/jobs/update-job 200.
[2023-08-28T11:17:59.384] [INFO] katalon - Job execution has been completed.
[2023-08-28T11:17:59.384] [INFO] katalon - Uploading job execution log...
[2023-08-28T11:18:00.877] [INFO] katalon - get https://testops.katalon.io/api/v1/files/upload-url 200.
[2023-08-28T11:18:01.642] [INFO] katalon - put https://katalon-test.s3-accelerate.amazonaws.com/56c21a5d-5a89-4ef7-b7a8-56bd3ccd779c?X-Amz-Algorithm=AWS4-HMAC-SHA256&X-Amz-Date=20230828T041800Z&X-Amz-SignedHeaders=host&X-Amz-Expires=3600&X-Amz-Credential=AKIAIXB3N7Z3SQHJU4MQ%2F20230828%2Fus-east-1%2Fs3%2Faws4_request&X-Amz-Signature=42c768c495bb22c85ab3bd80977b2b94b08f4ea2bfe04f18c01f451a28d57b16 200.
[2023-08-28T11:18:02.468] [INFO] katalon - get https://testops.katalon.io/api/v1/jobs/get-job 200.
[2023-08-28T11:18:02.491] [INFO] katalon - post https://testops.katalon.io/api/v1/agent 200.
[2023-08-28T11:18:02.997] [INFO] katalon - post https://testops.katalon.io/api/v1/jobs/save-log 200.
[2023-08-28T11:18:02.997] [INFO] katalon - Job execution log uploaded.
[2023-08-28T11:18:04.335] [INFO] katalon - post https://testops.katalon.io/api/v1/jobs/1795000/notify 200.
[2023-08-28T11:19:01.188] [INFO] katalon - Process controller 1795000-6092 removed.
[2023-08-28T11:19:02.458] [INFO] katalon - post https://testops.katalon.io/api/v1/agent 200.
[2023-08-28T11:19:02.460] [INFO] katalon - get https://testops.katalon.io/api/v1/jobs/get-job 200.
[2023-08-28T11:20:02.463] [INFO] katalon - get https://testops.katalon.io/api/v1/jobs/get-job 200.
[2023-08-28T11:20:02.510] [INFO] katalon - post https://testops.katalon.io/api/v1/agent 200.
[2023-08-28T11:21:02.502] [INFO] katalon - get https://testops.katalon.io/api/v1/jobs/get-job 200.
[2023-08-28T11:21:02.525] [INFO] katalon - post https://testops.katalon.io/api/v1/agent 200.
[2023-08-28T11:22:02.496] [INFO] katalon - get https://testops.katalon.io/api/v1/jobs/get-job 200.
[2023-08-28T11:22:02.498] [INFO] katalon - post https://testops.katalon.io/api/v1/agent 200.
[2023-08-28T11:23:02.474] [INFO] katalon - get https://testops.katalon.io/api/v1/jobs/get-job 200.
[2023-08-28T11:23:02.525] [INFO] katalon - post https://testops.katalon.io/api/v1/agent 200.
[2023-08-28T11:24:02.485] [INFO] katalon - get https://testops.katalon.io/api/v1/jobs/get-job 200.
[2023-08-28T11:24:02.510] [INFO] katalon - post https://testops.katalon.io/api/v1/agent 200.
[2023-08-28T11:25:02.517] [INFO] katalon - post https://testops.katalon.io/api/v1/agent 200.
[2023-08-28T11:25:02.560] [INFO] katalon - get https://testops.katalon.io/api/v1/jobs/get-job 200.
[2023-08-28T11:26:02.523] [INFO] katalon - post https://testops.katalon.io/api/v1/agent 200.
[2023-08-28T11:26:02.525] [INFO] katalon - get https://testops.katalon.io/api/v1/jobs/get-job 200.
[2023-08-28T11:27:02.506] [INFO] katalon - get https://testops.katalon.io/api/v1/jobs/get-job 200.
[2023-08-28T11:27:02.507] [INFO] katalon - post https://testops.katalon.io/api/v1/agent 200.
[2023-08-28T11:28:02.549] [INFO] katalon - get https://testops.katalon.io/api/v1/jobs/get-job 200.
[2023-08-28T11:28:02.551] [INFO] katalon - post https://testops.katalon.io/api/v1/agent 200.
[2023-08-28T11:29:02.556] [INFO] katalon - get https://testops.katalon.io/api/v1/jobs/get-job 200.
[2023-08-28T11:29:02.576] [INFO] katalon - post https://testops.katalon.io/api/v1/agent 200.
[2023-08-28T11:30:02.533] [INFO] katalon - post https://testops.katalon.io/api/v1/agent 200.
[2023-08-28T11:30:02.548] [INFO] katalon - get https://testops.katalon.io/api/v1/jobs/get-job 200.
[2023-08-28T11:31:02.555] [INFO] katalon - get https://testops.katalon.io/api/v1/jobs/get-job 200.
[2023-08-28T11:31:02.571] [INFO] katalon - post https://testops.katalon.io/api/v1/agent 200.
[2023-08-28T11:32:02.571] [INFO] katalon - get https://testops.katalon.io/api/v1/jobs/get-job 200.
[2023-08-28T11:32:02.587] [INFO] katalon - post https://testops.katalon.io/api/v1/agent 200.
[2023-08-28T11:33:02.550] [INFO] katalon - get https://testops.katalon.io/api/v1/jobs/get-job 200.
[2023-08-28T11:33:02.608] [INFO] katalon - post https://testops.katalon.io/api/v1/agent 200.
[2023-08-28T11:34:02.573] [INFO] katalon - post https://testops.katalon.io/api/v1/agent 200.
[2023-08-28T11:34:02.578] [INFO] katalon - get https://testops.katalon.io/api/v1/jobs/get-job 200.
[2023-08-28T11:35:02.553] [INFO] katalon - post https://testops.katalon.io/api/v1/agent 200.
[2023-08-28T11:35:02.563] [INFO] katalon - get https://testops.katalon.io/api/v1/jobs/get-job 200.
[2023-08-28T11:36:02.632] [INFO] katalon - get https://testops.katalon.io/api/v1/jobs/get-job 200.
[2023-08-28T11:36:02.641] [INFO] katalon - post https://testops.katalon.io/api/v1/agent 200.
[2023-08-28T11:37:02.590] [INFO] katalon - post https://testops.katalon.io/api/v1/agent 200.
[2023-08-28T11:37:02.592] [INFO] katalon - get https://testops.katalon.io/api/v1/jobs/get-job 200.
[2023-08-28T11:38:02.564] [INFO] katalon - post https://testops.katalon.io/api/v1/agent 200.
[2023-08-28T11:38:02.581] [INFO] katalon - get https://testops.katalon.io/api/v1/jobs/get-job 200.
[2023-08-28T11:39:02.585] [INFO] katalon - post https://testops.katalon.io/api/v1/agent 200.
[2023-08-28T11:39:02.589] [INFO] katalon - get https://testops.katalon.io/api/v1/jobs/get-job 200.
[2023-08-28T14:03:26.807] [INFO] katalon - Loading agent configs @ C:\Users\USER\git\katalon\agentconfig
[2023-08-28T14:03:26.817] [INFO] katalon - Katalon Agent v1.7.6 started @ Mon Aug 28 2023 14:03:26 GMT+0700 (GMT+07:00)
[2023-08-28T14:03:26.818] [INFO] katalon - Getting server profiles...
[2023-08-28T14:03:28.035] [INFO] katalon - get https://testops.katalon.io/info 200.
[2023-08-28T14:03:29.311] [INFO] katalon - get https://testops.katalon.io/api/v1/jobs/get-job 200.
[2023-08-28T14:04:28.134] [INFO] katalon - get https://testops.katalon.io/api/v1/jobs/get-job 200.
[2023-08-28T14:04:28.150] [INFO] katalon - post https://testops.katalon.io/api/v1/agent 200.
[2023-08-28T14:05:28.205] [INFO] katalon - get https://testops.katalon.io/api/v1/jobs/get-job 200.
[2023-08-28T14:05:28.218] [INFO] katalon - post https://testops.katalon.io/api/v1/agent 200.
[2023-08-28T14:06:28.176] [INFO] katalon - post https://testops.katalon.io/api/v1/agent 200.
[2023-08-28T14:06:28.206] [INFO] katalon - get https://testops.katalon.io/api/v1/jobs/get-job 200.
[2023-08-28T14:07:28.174] [INFO] katalon - get https://testops.katalon.io/api/v1/jobs/get-job 200.
[2023-08-28T14:07:28.199] [INFO] katalon - post https://testops.katalon.io/api/v1/agent 200.
[2023-08-28T14:08:28.166] [INFO] katalon - post https://testops.katalon.io/api/v1/agent 200.
[2023-08-28T14:08:28.202] [INFO] katalon - get https://testops.katalon.io/api/v1/jobs/get-job 200.
[2023-08-28T14:09:28.138] [INFO] katalon - post https://testops.katalon.io/api/v1/agent 200.
[2023-08-28T14:09:28.216] [INFO] katalon - get https://testops.katalon.io/api/v1/jobs/get-job 200.
[2023-08-28T14:10:28.186] [INFO] katalon - get https://testops.katalon.io/api/v1/jobs/get-job 200.
[2023-08-28T14:10:28.214] [INFO] katalon - post https://testops.katalon.io/api/v1/agent 200.
[2023-08-28T14:11:28.244] [INFO] katalon - get https://testops.katalon.io/api/v1/jobs/get-job 200.
[2023-08-28T14:11:28.288] [INFO] katalon - post https://testops.katalon.io/api/v1/agent 200.
[2023-08-28T14:12:28.188] [INFO] katalon - post https://testops.katalon.io/api/v1/agent 200.
[2023-08-28T14:12:28.208] [INFO] katalon - get https://testops.katalon.io/api/v1/jobs/get-job 200.
[2023-08-28T14:13:28.248] [INFO] katalon - get https://testops.katalon.io/api/v1/jobs/get-job 200.
[2023-08-28T14:13:28.262] [INFO] katalon - post https://testops.katalon.io/api/v1/agent 200.
[2023-08-28T14:14:28.208] [INFO] katalon - get https://testops.katalon.io/api/v1/jobs/get-job 200.
[2023-08-28T14:14:28.251] [INFO] katalon - post https://testops.katalon.io/api/v1/agent 200.
[2023-08-28T14:15:28.211] [INFO] katalon - get https://testops.katalon.io/api/v1/jobs/get-job 200.
[2023-08-28T14:15:28.230] [INFO] katalon - post https://testops.katalon.io/api/v1/agent 200.
[2023-08-28T14:16:28.232] [INFO] katalon - get https://testops.katalon.io/api/v1/jobs/get-job 200.
[2023-08-28T14:16:28.284] [INFO] katalon - post https://testops.katalon.io/api/v1/agent 200.
[2023-08-28T14:17:28.308] [INFO] katalon - get https://testops.katalon.io/api/v1/jobs/get-job 200.
[2023-08-28T14:17:28.317] [INFO] katalon - post https://testops.katalon.io/api/v1/agent 200.
[2023-08-28T14:18:28.333] [INFO] katalon - post https://testops.katalon.io/api/v1/agent 200.
[2023-08-28T14:18:28.335] [INFO] katalon - get https://testops.katalon.io/api/v1/jobs/get-job 200.
[2023-08-28T14:19:28.352] [INFO] katalon - get https://testops.katalon.io/api/v1/jobs/get-job 200.
[2023-08-28T14:19:28.369] [INFO] katalon - post https://testops.katalon.io/api/v1/agent 200.
[2023-08-28T14:20:28.434] [INFO] katalon - get https://testops.katalon.io/api/v1/jobs/get-job 200.
[2023-08-28T14:20:28.456] [INFO] katalon - post https://testops.katalon.io/api/v1/agent 200.
[2023-08-28T14:21:28.306] [INFO] katalon - get https://testops.katalon.io/api/v1/jobs/get-job 200.
[2023-08-28T14:21:28.321] [INFO] katalon - post https://testops.katalon.io/api/v1/agent 200.
[2023-08-28T14:22:28.289] [INFO] katalon - post https://testops.katalon.io/api/v1/agent 200.
[2023-08-28T14:22:28.324] [INFO] katalon - get https://testops.katalon.io/api/v1/jobs/get-job 200.
