[2023-08-27T16:59:40.909] [ERROR] katalon - Please specify 'email' property in agentconfig.
[2023-08-27T16:59:40.909] [ERROR] katalon - Please specify 'apikey' property in agentconfig.
[2023-08-27T16:59:40.909] [ERROR] katalon - Please specify 'serverUrl' property in agentconfig.
[2023-08-27T16:59:40.909] [ERROR] katalon - Please specify 'teamId' property in agentconfig.
[2023-08-27T16:59:43.373] [ERROR] katalon - { message: 'Request failed with status code 401',
  name: 'Error',
  description: undefined,
  number: undefined,
  fileName: undefined,
  lineNumber: undefined,
  columnNumber: undefined,
  stack:
   'Error: Request failed with status code 401\n    at createError (D:\\snapshot\\katalon-agent\\node_modules\\axios\\lib\\core\\createError.js:16:15)\n    at settle (D:\\snapshot\\katalon-agent\\node_modules\\axios\\lib\\core\\settle.js:17:12)\n    at IncomingMessage.handleStreamEnd (D:\\snapshot\\katalon-agent\\node_modules\\axios\\lib\\adapters\\http.js:260:11)\n    at IncomingMessage.emit (events.js:203:15)\n    at endReadableNT (_stream_readable.js:1145:12)\n    at process._tickCallback (internal/process/next_tick.js:63:19)',
  config:
   { url: 'https://testops.katalon.io/api/v1/jobs/get-job',
     method: 'get',
     data: null,
     headers:
      { Accept: 'application/json, text/plain, */*',
        Authorization: 'Basic Og==',
        'User-Agent': 'axios/0.21.1' },
     proxy: null,
     params:
      { uuid: '1693130382185-ad4bf7ed-4400-4773-87c7-4712c7709fe1',
        teamId: undefined },
     transformRequest: [ [Function: transformRequest] ],
     transformResponse: [ [Function: transformResponse] ],
     timeout: 60000,
     adapter: [Function: httpAdapter],
     xsrfCookieName: 'XSRF-TOKEN',
     xsrfHeaderName: 'X-XSRF-TOKEN',
     maxContentLength: -1,
     maxBodyLength: -1,
     httpsAgent:
      Agent {
        _events: [Object],
        _eventsCount: 1,
        _maxListeners: undefined,
        defaultPort: 443,
        protocol: 'https:',
        options: [Object],
        requests: {},
        sockets: {},
        freeSockets: [Object],
        keepAliveMsecs: 1000,
        keepAlive: true,
        maxSockets: Infinity,
        maxFreeSockets: 256,
        maxCachedSessions: 100,
        _sessionCache: [Object] },
     validateStatus: [Function: validateStatus] },
  code: undefined }
[2023-08-27T16:59:43.377] [ERROR] katalon - { message: 'Request failed with status code 401',
  name: 'Error',
  description: undefined,
  number: undefined,
  fileName: undefined,
  lineNumber: undefined,
  columnNumber: undefined,
  stack:
   'Error: Request failed with status code 401\n    at createError (D:\\snapshot\\katalon-agent\\node_modules\\axios\\lib\\core\\createError.js:16:15)\n    at settle (D:\\snapshot\\katalon-agent\\node_modules\\axios\\lib\\core\\settle.js:17:12)\n    at IncomingMessage.handleStreamEnd (D:\\snapshot\\katalon-agent\\node_modules\\axios\\lib\\adapters\\http.js:260:11)\n    at IncomingMessage.emit (events.js:203:15)\n    at endReadableNT (_stream_readable.js:1145:12)\n    at process._tickCallback (internal/process/next_tick.js:63:19)',
  config:
   { url: 'https://testops.katalon.io/api/v1/jobs/get-job',
     method: 'get',
     data: null,
     headers:
      { Accept: 'application/json, text/plain, */*',
        Authorization: 'Basic Og==',
        'User-Agent': 'axios/0.21.1' },
     proxy: null,
     params:
      { uuid: '1693130382185-ad4bf7ed-4400-4773-87c7-4712c7709fe1',
        teamId: undefined },
     transformRequest: [ [Function: transformRequest] ],
     transformResponse: [ [Function: transformResponse] ],
     timeout: 60000,
     adapter: [Function: httpAdapter],
     xsrfCookieName: 'XSRF-TOKEN',
     xsrfHeaderName: 'X-XSRF-TOKEN',
     maxContentLength: -1,
     maxBodyLength: -1,
     httpsAgent:
      Agent {
        _events: [Object],
        _eventsCount: 1,
        _maxListeners: undefined,
        defaultPort: 443,
        protocol: 'https:',
        options: [Object],
        requests: {},
        sockets: {},
        freeSockets: [Object],
        keepAliveMsecs: 1000,
        keepAlive: true,
        maxSockets: Infinity,
        maxFreeSockets: 256,
        maxCachedSessions: 100,
        _sessionCache: [Object] },
     validateStatus: [Function: validateStatus] },
  code: undefined }
[2023-08-27T17:02:28.273] [ERROR] katalon - Please specify 'email' property in agentconfig.
[2023-08-27T17:02:28.273] [ERROR] katalon - Please specify 'apikey' property in agentconfig.
[2023-08-27T17:02:28.274] [ERROR] katalon - Please specify 'serverUrl' property in agentconfig.
[2023-08-27T17:02:28.274] [ERROR] katalon - Please specify 'teamId' property in agentconfig.
[2023-08-27T17:02:31.179] [ERROR] katalon - { message: 'Request failed with status code 401',
  name: 'Error',
  description: undefined,
  number: undefined,
  fileName: undefined,
  lineNumber: undefined,
  columnNumber: undefined,
  stack:
   'Error: Request failed with status code 401\n    at createError (D:\\snapshot\\katalon-agent\\node_modules\\axios\\lib\\core\\createError.js:16:15)\n    at settle (D:\\snapshot\\katalon-agent\\node_modules\\axios\\lib\\core\\settle.js:17:12)\n    at IncomingMessage.handleStreamEnd (D:\\snapshot\\katalon-agent\\node_modules\\axios\\lib\\adapters\\http.js:260:11)\n    at IncomingMessage.emit (events.js:203:15)\n    at endReadableNT (_stream_readable.js:1145:12)\n    at process._tickCallback (internal/process/next_tick.js:63:19)',
  config:
   { url: 'https://testops.katalon.io/api/v1/jobs/get-job',
     method: 'get',
     data: null,
     headers:
      { Accept: 'application/json, text/plain, */*',
        Authorization: 'Basic Og==',
        'User-Agent': 'axios/0.21.1' },
     proxy: null,
     params:
      { uuid: '1693130549730-c40edb1b-5cf1-4058-b2e0-8b4a8ec9eeed',
        teamId: undefined },
     transformRequest: [ [Function: transformRequest] ],
     transformResponse: [ [Function: transformResponse] ],
     timeout: 60000,
     adapter: [Function: httpAdapter],
     xsrfCookieName: 'XSRF-TOKEN',
     xsrfHeaderName: 'X-XSRF-TOKEN',
     maxContentLength: -1,
     maxBodyLength: -1,
     httpsAgent:
      Agent {
        _events: [Object],
        _eventsCount: 1,
        _maxListeners: undefined,
        defaultPort: 443,
        protocol: 'https:',
        options: [Object],
        requests: {},
        sockets: {},
        freeSockets: [Object],
        keepAliveMsecs: 1000,
        keepAlive: true,
        maxSockets: Infinity,
        maxFreeSockets: 256,
        maxCachedSessions: 100,
        _sessionCache: [Object] },
     validateStatus: [Function: validateStatus] },
  code: undefined }
[2023-08-27T17:02:31.182] [ERROR] katalon - { message: 'Request failed with status code 401',
  name: 'Error',
  description: undefined,
  number: undefined,
  fileName: undefined,
  lineNumber: undefined,
  columnNumber: undefined,
  stack:
   'Error: Request failed with status code 401\n    at createError (D:\\snapshot\\katalon-agent\\node_modules\\axios\\lib\\core\\createError.js:16:15)\n    at settle (D:\\snapshot\\katalon-agent\\node_modules\\axios\\lib\\core\\settle.js:17:12)\n    at IncomingMessage.handleStreamEnd (D:\\snapshot\\katalon-agent\\node_modules\\axios\\lib\\adapters\\http.js:260:11)\n    at IncomingMessage.emit (events.js:203:15)\n    at endReadableNT (_stream_readable.js:1145:12)\n    at process._tickCallback (internal/process/next_tick.js:63:19)',
  config:
   { url: 'https://testops.katalon.io/api/v1/jobs/get-job',
     method: 'get',
     data: null,
     headers:
      { Accept: 'application/json, text/plain, */*',
        Authorization: 'Basic Og==',
        'User-Agent': 'axios/0.21.1' },
     proxy: null,
     params:
      { uuid: '1693130549730-c40edb1b-5cf1-4058-b2e0-8b4a8ec9eeed',
        teamId: undefined },
     transformRequest: [ [Function: transformRequest] ],
     transformResponse: [ [Function: transformResponse] ],
     timeout: 60000,
     adapter: [Function: httpAdapter],
     xsrfCookieName: 'XSRF-TOKEN',
     xsrfHeaderName: 'X-XSRF-TOKEN',
     maxContentLength: -1,
     maxBodyLength: -1,
     httpsAgent:
      Agent {
        _events: [Object],
        _eventsCount: 1,
        _maxListeners: undefined,
        defaultPort: 443,
        protocol: 'https:',
        options: [Object],
        requests: {},
        sockets: {},
        freeSockets: [Object],
        keepAliveMsecs: 1000,
        keepAlive: true,
        maxSockets: Infinity,
        maxFreeSockets: 256,
        maxCachedSessions: 100,
        _sessionCache: [Object] },
     validateStatus: [Function: validateStatus] },
  code: undefined }
[2023-08-28T10:11:19.526] [ERROR] katalon - executeJob: { Error: Error: spawn git ENOENT
    at Process.ChildProcess._handle.onexit (internal/child_process.js:240:19)
    at onErrorNT (internal/child_process.js:415:16)
    at process._tickCallback (internal/process/next_tick.js:63:19)
    at GitExecutorChain.onFatalException (D:\snapshot\katalon-agent\node_modules\simple-git\src\lib\runners\git-executor-chain.js:61:87)
    at GitExecutorChain.<anonymous> (D:\snapshot\katalon-agent\node_modules\simple-git\src\lib\runners\git-executor-chain.js:52:28)
    at Generator.throw (<anonymous>)
    at rejected (D:\snapshot\katalon-agent\node_modules\simple-git\src\lib\runners\git-executor-chain.js:6:65)
  task:
   { commands:
      [ 'clone',
        '--depth',
        '1',
        '--branch',
        'master',
        'https://garakita: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@github.com/garakita/katalon.git',
        'C:\\Users\\USER\\Desktop\\Agent\\tmp\\2023.08.28-10.11--17812-KxMFO6alcT6N-1794866\\katalon.git' ],
     format: 'utf-8',
     parser: [Function: parser] } }
[2023-08-28T10:12:18.489] [ERROR] katalon - executeJob: { Error: Error: spawn git ENOENT
    at Process.ChildProcess._handle.onexit (internal/child_process.js:240:19)
    at onErrorNT (internal/child_process.js:415:16)
    at process._tickCallback (internal/process/next_tick.js:63:19)
    at GitExecutorChain.onFatalException (D:\snapshot\katalon-agent\node_modules\simple-git\src\lib\runners\git-executor-chain.js:61:87)
    at GitExecutorChain.<anonymous> (D:\snapshot\katalon-agent\node_modules\simple-git\src\lib\runners\git-executor-chain.js:52:28)
    at Generator.throw (<anonymous>)
    at rejected (D:\snapshot\katalon-agent\node_modules\simple-git\src\lib\runners\git-executor-chain.js:6:65)
  task:
   { commands:
      [ 'clone',
        '--depth',
        '1',
        '--branch',
        'master',
        'https://garakita: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@github.com/garakita/katalon.git',
        'C:\\Users\\USER\\Desktop\\Agent\\tmp\\2023.08.28-10.12--17812-v19i29QkPiFM-1794869\\katalon.git' ],
     format: 'utf-8',
     parser: [Function: parser] } }
[2023-08-28T10:16:18.482] [ERROR] katalon - executeJob: { Error: Error: spawn git ENOENT
    at Process.ChildProcess._handle.onexit (internal/child_process.js:240:19)
    at onErrorNT (internal/child_process.js:415:16)
    at process._tickCallback (internal/process/next_tick.js:63:19)
    at GitExecutorChain.onFatalException (D:\snapshot\katalon-agent\node_modules\simple-git\src\lib\runners\git-executor-chain.js:61:87)
    at GitExecutorChain.<anonymous> (D:\snapshot\katalon-agent\node_modules\simple-git\src\lib\runners\git-executor-chain.js:52:28)
    at Generator.throw (<anonymous>)
    at rejected (D:\snapshot\katalon-agent\node_modules\simple-git\src\lib\runners\git-executor-chain.js:6:65)
  task:
   { commands:
      [ 'clone',
        '--depth',
        '1',
        '--branch',
        'master',
        'https://garakita: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@github.com/garakita/katalon.git',
        'C:\\Users\\USER\\Desktop\\Agent\\tmp\\2023.08.28-10.16--17812-yHo7eUIQGkKZ-1794885\\katalon.git' ],
     format: 'utf-8',
     parser: [Function: parser] } }
[2023-08-28T10:23:18.637] [ERROR] katalon - executeJob: { Error: Error: spawn git ENOENT
    at Process.ChildProcess._handle.onexit (internal/child_process.js:240:19)
    at onErrorNT (internal/child_process.js:415:16)
    at process._tickCallback (internal/process/next_tick.js:63:19)
    at GitExecutorChain.onFatalException (D:\snapshot\katalon-agent\node_modules\simple-git\src\lib\runners\git-executor-chain.js:61:87)
    at GitExecutorChain.<anonymous> (D:\snapshot\katalon-agent\node_modules\simple-git\src\lib\runners\git-executor-chain.js:52:28)
    at Generator.throw (<anonymous>)
    at rejected (D:\snapshot\katalon-agent\node_modules\simple-git\src\lib\runners\git-executor-chain.js:6:65)
  task:
   { commands:
      [ 'clone',
        '--depth',
        '1',
        '--branch',
        'master',
        'https://garakita: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@github.com/garakita/katalon.git',
        'C:\\Users\\USER\\Desktop\\Agent\\tmp\\2023.08.28-10.23--17812-AHIPWAok753x-1794897\\katalon.git' ],
     format: 'utf-8',
     parser: [Function: parser] } }
[2023-08-28T10:38:18.640] [ERROR] katalon - executeJob: { Error: Error: spawn git ENOENT
    at Process.ChildProcess._handle.onexit (internal/child_process.js:240:19)
    at onErrorNT (internal/child_process.js:415:16)
    at process._tickCallback (internal/process/next_tick.js:63:19)
    at GitExecutorChain.onFatalException (D:\snapshot\katalon-agent\node_modules\simple-git\src\lib\runners\git-executor-chain.js:61:87)
    at GitExecutorChain.<anonymous> (D:\snapshot\katalon-agent\node_modules\simple-git\src\lib\runners\git-executor-chain.js:52:28)
    at Generator.throw (<anonymous>)
    at rejected (D:\snapshot\katalon-agent\node_modules\simple-git\src\lib\runners\git-executor-chain.js:6:65)
  task:
   { commands:
      [ 'clone',
        '--depth',
        '1',
        '--branch',
        'master',
        'https://garakita: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@github.com/garakita/katalon.git',
        'C:\\Users\\USER\\Desktop\\Agent\\tmp\\2023.08.28-10.38--17812-g8L078xGyPlc-1794921\\katalon.git' ],
     format: 'utf-8',
     parser: [Function: parser] } }
[2023-08-28T10:41:18.691] [ERROR] katalon - executeJob: { Error: Error: spawn git ENOENT
    at Process.ChildProcess._handle.onexit (internal/child_process.js:240:19)
    at onErrorNT (internal/child_process.js:415:16)
    at process._tickCallback (internal/process/next_tick.js:63:19)
    at GitExecutorChain.onFatalException (D:\snapshot\katalon-agent\node_modules\simple-git\src\lib\runners\git-executor-chain.js:61:87)
    at GitExecutorChain.<anonymous> (D:\snapshot\katalon-agent\node_modules\simple-git\src\lib\runners\git-executor-chain.js:52:28)
    at Generator.throw (<anonymous>)
    at rejected (D:\snapshot\katalon-agent\node_modules\simple-git\src\lib\runners\git-executor-chain.js:6:65)
  task:
   { commands:
      [ 'clone',
        '--depth',
        '1',
        '--branch',
        'master',
        'https://garakita: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@github.com/garakita/katalon.git',
        'C:\\Users\\USER\\Desktop\\Agent\\tmp\\2023.08.28-10.41--17812-P9Al0ECWaP0G-1794930\\katalon.git' ],
     format: 'utf-8',
     parser: [Function: parser] } }
[2023-08-28T10:47:44.212] [ERROR] katalon - executeJob: { Error: Error: spawn git ENOENT
    at Process.ChildProcess._handle.onexit (internal/child_process.js:240:19)
    at onErrorNT (internal/child_process.js:415:16)
    at process._tickCallback (internal/process/next_tick.js:63:19)
    at GitExecutorChain.onFatalException (D:\snapshot\katalon-agent\node_modules\simple-git\src\lib\runners\git-executor-chain.js:61:87)
    at GitExecutorChain.<anonymous> (D:\snapshot\katalon-agent\node_modules\simple-git\src\lib\runners\git-executor-chain.js:52:28)
    at Generator.throw (<anonymous>)
    at rejected (D:\snapshot\katalon-agent\node_modules\simple-git\src\lib\runners\git-executor-chain.js:6:65)
  task:
   { commands:
      [ 'clone',
        '--depth',
        '1',
        '--branch',
        'master',
        'https://garakita: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@github.com/garakita/katalon.git',
        'C:\\Users\\USER\\git\\katalon\\Agent\\tmp\\2023.08.28-10.47--9112-Sb6kTnE7gbyO-1794937\\katalon.git' ],
     format: 'utf-8',
     parser: [Function: parser] } }
[2023-08-28T10:51:49.540] [ERROR] katalon - executeJob: { Error: Error: spawn git ENOENT
    at Process.ChildProcess._handle.onexit (internal/child_process.js:240:19)
    at onErrorNT (internal/child_process.js:415:16)
    at process._tickCallback (internal/process/next_tick.js:63:19)
    at GitExecutorChain.onFatalException (D:\snapshot\katalon-agent\node_modules\simple-git\src\lib\runners\git-executor-chain.js:61:87)
    at GitExecutorChain.<anonymous> (D:\snapshot\katalon-agent\node_modules\simple-git\src\lib\runners\git-executor-chain.js:52:28)
    at Generator.throw (<anonymous>)
    at rejected (D:\snapshot\katalon-agent\node_modules\simple-git\src\lib\runners\git-executor-chain.js:6:65)
  task:
   { commands:
      [ 'clone',
        '--depth',
        '1',
        '--branch',
        'master',
        'https://garakita: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@github.com/garakita/katalon.git',
        'C:\\Users\\USER\\git\\katalon\\Agent\\tmp\\2023.08.28-10.51--8532-GyKjRbuuGZoe-1794950\\katalon.git' ],
     format: 'utf-8',
     parser: [Function: parser] } }
[2023-08-28T10:55:39.475] [ERROR] katalon - executeJob: { Error: Error: spawn git ENOENT
    at Process.ChildProcess._handle.onexit (internal/child_process.js:240:19)
    at onErrorNT (internal/child_process.js:415:16)
    at process._tickCallback (internal/process/next_tick.js:63:19)
    at GitExecutorChain.onFatalException (D:\snapshot\katalon-agent\node_modules\simple-git\src\lib\runners\git-executor-chain.js:61:87)
    at GitExecutorChain.<anonymous> (D:\snapshot\katalon-agent\node_modules\simple-git\src\lib\runners\git-executor-chain.js:52:28)
    at Generator.throw (<anonymous>)
    at rejected (D:\snapshot\katalon-agent\node_modules\simple-git\src\lib\runners\git-executor-chain.js:6:65)
  task:
   { commands:
      [ 'clone',
        '--depth',
        '1',
        '--branch',
        'master',
        'https://garakita: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@github.com/garakita/katalon.git',
        'C:\\Users\\USER\\git\\katalon\\tmp\\2023.08.28-10.55--14396-qpAdHszem8cg-1794955\\katalon.git' ],
     format: 'utf-8',
     parser: [Function: parser] } }
[2023-08-28T11:11:39.608] [ERROR] katalon - executeJob: { Error: Error: spawn git ENOENT
    at Process.ChildProcess._handle.onexit (internal/child_process.js:240:19)
    at onErrorNT (internal/child_process.js:415:16)
    at process._tickCallback (internal/process/next_tick.js:63:19)
    at GitExecutorChain.onFatalException (D:\snapshot\katalon-agent\node_modules\simple-git\src\lib\runners\git-executor-chain.js:61:87)
    at GitExecutorChain.<anonymous> (D:\snapshot\katalon-agent\node_modules\simple-git\src\lib\runners\git-executor-chain.js:52:28)
    at Generator.throw (<anonymous>)
    at rejected (D:\snapshot\katalon-agent\node_modules\simple-git\src\lib\runners\git-executor-chain.js:6:65)
  task:
   { commands:
      [ 'clone',
        '--depth',
        '1',
        '--branch',
        'master',
        'https://garakita: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@github.com/garakita/katalon.git',
        'C:\\Users\\USER\\git\\katalon\\tmp\\2023.08.28-11.11--14396-2M3XfYGmeKDq-1794991\\katalon.git' ],
     format: 'utf-8',
     parser: [Function: parser] } }
